2013-10-08 02:28:50.756+0000 INFO  [o.n.k.i.DiagnosticsManager]: --- INITIALIZED diagnostics START ---
2013-10-08 02:28:50.762+0000 INFO  [o.n.k.i.DiagnosticsManager]: Neo4j Kernel properties:
2013-10-08 02:28:50.765+0000 INFO  [o.n.k.i.DiagnosticsManager]: neostore.propertystore.db.mapped_memory=376M
2013-10-08 02:28:50.766+0000 INFO  [o.n.k.i.DiagnosticsManager]: neostore.nodestore.db.mapped_memory=104M
2013-10-08 02:28:50.766+0000 INFO  [o.n.k.i.DiagnosticsManager]: ha.pull_interval=500ms
2013-10-08 02:28:50.766+0000 INFO  [o.n.k.i.DiagnosticsManager]: identity_map=true
2013-10-08 02:28:50.766+0000 INFO  [o.n.k.i.DiagnosticsManager]: timestamps=true
2013-10-08 02:28:50.766+0000 INFO  [o.n.k.i.DiagnosticsManager]: ha.discovery.enabled=false
2013-10-08 02:28:50.766+0000 INFO  [o.n.k.i.DiagnosticsManager]: neostore.relationshipstore.db.mapped_memory=460M
2013-10-08 02:28:50.766+0000 INFO  [o.n.k.i.DiagnosticsManager]: neostore.propertystore.db.strings.mapped_memory=319M
2013-10-08 02:28:50.766+0000 INFO  [o.n.k.i.DiagnosticsManager]: store_dir=/Users/hall/Code/Rails/jruby-ten/db/ha_neo_1
2013-10-08 02:28:50.766+0000 INFO  [o.n.k.i.DiagnosticsManager]: online_backup_enabled=false
2013-10-08 02:28:50.766+0000 INFO  [o.n.k.i.DiagnosticsManager]: neostore.propertystore.db.arrays.mapped_memory=362M
2013-10-08 02:28:50.766+0000 INFO  [o.n.k.i.DiagnosticsManager]: ha.initial_hosts=localhost:5001,localhost:5002,localhost:5003
2013-10-08 02:28:50.766+0000 INFO  [o.n.k.i.DiagnosticsManager]: ha.cluster_server=localhost:5001
2013-10-08 02:28:50.766+0000 INFO  [o.n.k.i.DiagnosticsManager]: migration_thread=false
2013-10-08 02:28:50.766+0000 INFO  [o.n.k.i.DiagnosticsManager]: enable_rules=true
2013-10-08 02:28:50.766+0000 INFO  [o.n.k.i.DiagnosticsManager]: ha.server_id=1
2013-10-08 02:28:50.766+0000 INFO  [o.n.k.i.DiagnosticsManager]: ha.server=localhost:6001
2013-10-08 02:28:50.766+0000 INFO  [o.n.k.i.DiagnosticsManager]: storage_path=/Users/hall/Code/Rails/jruby-ten/db/ha_neo_1
2013-10-08 02:28:50.766+0000 INFO  [o.n.k.i.DiagnosticsManager]: enable_ha=true
2013-10-08 02:28:50.766+0000 INFO  [o.n.k.i.DiagnosticsManager]: ephemeral=false
2013-10-08 02:28:50.768+0000 INFO  [o.n.k.i.DiagnosticsManager]: Diagnostics providers:
2013-10-08 02:28:50.768+0000 INFO  [o.n.k.i.DiagnosticsManager]: org.neo4j.kernel.configuration.Config
2013-10-08 02:28:50.769+0000 INFO  [o.n.k.i.DiagnosticsManager]: org.neo4j.kernel.info.DiagnosticsManager
2013-10-08 02:28:50.769+0000 INFO  [o.n.k.i.DiagnosticsManager]: SYSTEM_MEMORY
2013-10-08 02:28:50.769+0000 INFO  [o.n.k.i.DiagnosticsManager]: JAVA_MEMORY
2013-10-08 02:28:50.769+0000 INFO  [o.n.k.i.DiagnosticsManager]: OPERATING_SYSTEM
2013-10-08 02:28:50.769+0000 INFO  [o.n.k.i.DiagnosticsManager]: JAVA_VIRTUAL_MACHINE
2013-10-08 02:28:50.769+0000 INFO  [o.n.k.i.DiagnosticsManager]: CLASSPATH
2013-10-08 02:28:50.769+0000 INFO  [o.n.k.i.DiagnosticsManager]: LIBRARY_PATH
2013-10-08 02:28:50.769+0000 INFO  [o.n.k.i.DiagnosticsManager]: SYSTEM_PROPERTIES
2013-10-08 02:28:50.769+0000 INFO  [o.n.k.i.DiagnosticsManager]: NETWORK
2013-10-08 02:28:50.769+0000 INFO  [o.n.k.i.DiagnosticsManager]: NodeCache
2013-10-08 02:28:50.769+0000 INFO  [o.n.k.i.DiagnosticsManager]: RelationshipCache
2013-10-08 02:28:50.769+0000 INFO  [o.n.k.i.DiagnosticsManager]: HighAvailabilityDiagnostics
2013-10-08 02:28:50.770+0000 INFO  [o.n.k.i.DiagnosticsManager]: System memory information:
2013-10-08 02:28:50.772+0000 INFO  [o.n.k.i.DiagnosticsManager]: Total Physical memory: 4.00 GB
2013-10-08 02:28:50.772+0000 INFO  [o.n.k.i.DiagnosticsManager]: Free Physical memory: 112.81 MB
2013-10-08 02:28:50.773+0000 INFO  [o.n.k.i.DiagnosticsManager]: Committed virtual memory: 3.07 GB
2013-10-08 02:28:50.773+0000 INFO  [o.n.k.i.DiagnosticsManager]: Total swap space: 1.00 GB
2013-10-08 02:28:50.773+0000 INFO  [o.n.k.i.DiagnosticsManager]: Free swap space: 1.00 GB
2013-10-08 02:28:50.775+0000 INFO  [o.n.k.i.DiagnosticsManager]: JVM memory information:
2013-10-08 02:28:50.775+0000 INFO  [o.n.k.i.DiagnosticsManager]: Free  memory: 63.92 MB
2013-10-08 02:28:50.775+0000 INFO  [o.n.k.i.DiagnosticsManager]: Total memory: 119.76 MB
2013-10-08 02:28:50.775+0000 INFO  [o.n.k.i.DiagnosticsManager]: Max   memory: 483.38 MB
2013-10-08 02:28:50.777+0000 INFO  [o.n.k.i.DiagnosticsManager]: Garbage Collector: Copy: [Eden Space, Survivor Space]
2013-10-08 02:28:50.777+0000 INFO  [o.n.k.i.DiagnosticsManager]: Garbage Collector: MarkSweepCompact: [Eden Space, Survivor Space, Tenured Gen, Perm Gen]
2013-10-08 02:28:50.778+0000 INFO  [o.n.k.i.DiagnosticsManager]: Memory Pool: Code Cache (Non-heap memory): committed=10.06 MB, used=10.03 MB, max=96.00 MB, threshold=0.00 B
2013-10-08 02:28:50.779+0000 INFO  [o.n.k.i.DiagnosticsManager]: Memory Pool: Eden Space (Heap memory): committed=33.06 MB, used=6.30 MB, max=133.38 MB, threshold=?
2013-10-08 02:28:50.779+0000 INFO  [o.n.k.i.DiagnosticsManager]: Memory Pool: Survivor Space (Heap memory): committed=4.13 MB, used=0.00 B, max=16.63 MB, threshold=?
2013-10-08 02:28:50.779+0000 INFO  [o.n.k.i.DiagnosticsManager]: Memory Pool: Tenured Gen (Heap memory): committed=82.57 MB, used=49.54 MB, max=333.38 MB, threshold=0.00 B
2013-10-08 02:28:50.779+0000 INFO  [o.n.k.i.DiagnosticsManager]: Memory Pool: Perm Gen (Non-heap memory): committed=37.94 MB, used=37.67 MB, max=82.00 MB, threshold=0.00 B
2013-10-08 02:28:50.779+0000 INFO  [o.n.k.i.DiagnosticsManager]: Operating system information:
2013-10-08 02:28:50.780+0000 INFO  [o.n.k.i.DiagnosticsManager]: Operating System: Mac OS X; version: 10.9; arch: x86_64; cpus: 4
2013-10-08 02:28:50.781+0000 INFO  [o.n.k.i.DiagnosticsManager]: Max number of file descriptors: 10240
2013-10-08 02:28:50.781+0000 INFO  [o.n.k.i.DiagnosticsManager]: Number of open file descriptors: 83
2013-10-08 02:28:50.781+0000 INFO  [o.n.k.i.DiagnosticsManager]: Process id: 3822@air-ekh
2013-10-08 02:28:50.781+0000 INFO  [o.n.k.i.DiagnosticsManager]: Byte order: LITTLE_ENDIAN
2013-10-08 02:28:50.782+0000 INFO  [o.n.k.i.DiagnosticsManager]: Local timezone: America/New_York
2013-10-08 02:28:50.782+0000 INFO  [o.n.k.i.DiagnosticsManager]: JVM information:
2013-10-08 02:28:50.782+0000 INFO  [o.n.k.i.DiagnosticsManager]: VM Name: Java HotSpot(TM) 64-Bit Server VM
2013-10-08 02:28:50.782+0000 INFO  [o.n.k.i.DiagnosticsManager]: VM Vendor: Oracle Corporation
2013-10-08 02:28:50.782+0000 INFO  [o.n.k.i.DiagnosticsManager]: VM Version: 23.7-b01
2013-10-08 02:28:50.782+0000 INFO  [o.n.k.i.DiagnosticsManager]: JIT compiler: HotSpot 64-Bit Tiered Compilers
2013-10-08 02:28:50.783+0000 INFO  [o.n.k.i.DiagnosticsManager]: VM Arguments: [-Djdk.home=, -Djruby.home=/Users/hall/.rvm/rubies/jruby-1.7.4, -Djruby.script=jruby, -Djruby.shell=/bin/sh, -Djffi.boot.library.path=/Users/hall/.rvm/rubies/jruby-1.7.4/lib/native:/Users/hall/.rvm/rubies/jruby-1.7.4/lib/native/Darwin, -Xmx500m, -Xss2048k, -Xbootclasspath/a:/Users/hall/.rvm/rubies/jruby-1.7.4/lib/jruby.jar, -Dfile.encoding=UTF-8, -XX:+TieredCompilation, -XX:TieredStopAtLevel=1, -Xverify:none]
2013-10-08 02:28:50.783+0000 INFO  [o.n.k.i.DiagnosticsManager]: Java classpath:
2013-10-08 02:28:50.785+0000 INFO  [o.n.k.i.DiagnosticsManager]:  [loader.0] file:/Users/hall/.rvm/gems/jruby-1.7.4/gems/neo4j-community-1.9.2-java/lib/neo4j-community/jars/geronimo-jta_1.1_spec-1.1.1.jar
2013-10-08 02:28:50.785+0000 INFO  [o.n.k.i.DiagnosticsManager]:  [loader.2] file:/System/Library/Java/Extensions/dns_sd.jar
2013-10-08 02:28:50.785+0000 INFO  [o.n.k.i.DiagnosticsManager]:  [bootstrap] /Library/Java/JavaVirtualMachines/jdk1.7.0_13.jdk/Contents/Home/jre/lib/charsets.jar
2013-10-08 02:28:50.785+0000 INFO  [o.n.k.i.DiagnosticsManager]:  [loader.2] file:/Library/Java/JavaVirtualMachines/jdk1.7.0_13.jdk/Contents/Home/jre/lib/ext/sunjce_provider.jar
2013-10-08 02:28:50.785+0000 INFO  [o.n.k.i.DiagnosticsManager]:  [bootstrap] /Library/Java/JavaVirtualMachines/jdk1.7.0_13.jdk/Contents/Home/jre/lib/rt.jar
2013-10-08 02:28:50.785+0000 INFO  [o.n.k.i.DiagnosticsManager]:  [loader.0] file:/Users/hall/.rvm/gems/jruby-1.7.4/gems/neo4j-community-1.9.2-java/lib/neo4j-community/jars/scala-library-2.10.0.jar
2013-10-08 02:28:50.785+0000 INFO  [o.n.k.i.DiagnosticsManager]:  [loader.0] file:/Users/hall/.rvm/gems/jruby-1.7.4/gems/json-1.8.0-java/lib/json/ext/parser.jar
2013-10-08 02:28:50.785+0000 INFO  [o.n.k.i.DiagnosticsManager]:  [loader.2] file:/System/Library/Java/Extensions/MRJToolkit.jar
2013-10-08 02:28:50.785+0000 INFO  [o.n.k.i.DiagnosticsManager]:  [loader.2] file:/System/Library/Java/Extensions/vecmath.jar
2013-10-08 02:28:50.785+0000 INFO  [o.n.k.i.DiagnosticsManager]:  [loader.2] file:/System/Library/Java/Extensions/libmlib_jai.jnilib
2013-10-08 02:28:50.785+0000 INFO  [o.n.k.i.DiagnosticsManager]:  [loader.2] file:/Library/Java/JavaVirtualMachines/jdk1.7.0_13.jdk/Contents/Home/jre/lib/ext/localedata.jar
2013-10-08 02:28:50.785+0000 INFO  [o.n.k.i.DiagnosticsManager]:  [bootstrap] /Library/Java/JavaVirtualMachines/jdk1.7.0_13.jdk/Contents/Home/jre/lib/JObjC.jar
2013-10-08 02:28:50.785+0000 INFO  [o.n.k.i.DiagnosticsManager]:  [loader.0] file:/Users/hall/.rvm/rubies/jruby-1.7.4/lib/ruby/shared/jopenssl.jar
2013-10-08 02:28:50.785+0000 INFO  [o.n.k.i.DiagnosticsManager]:  [loader.0] file:/Users/hall/.rvm/gems/jruby-1.7.4/gems/neo4j-enterprise-1.9.2-java/lib/neo4j-enterprise/jars/server-api-1.9.2.jar
2013-10-08 02:28:50.785+0000 INFO  [o.n.k.i.DiagnosticsManager]:  [loader.0] file:/Users/hall/.rvm/gems/jruby-1.7.4/gems/neo4j-community-1.9.2-java/lib/neo4j-community/jars/neo4j-lucene-index-1.9.2.jar
2013-10-08 02:28:50.785+0000 INFO  [o.n.k.i.DiagnosticsManager]:  [loader.0] file:/Users/hall/.rvm/gems/jruby-1.7.4/gems/neo4j-enterprise-1.9.2-java/lib/neo4j-enterprise/jars/logback-access-0.9.30.jar
2013-10-08 02:28:50.785+0000 INFO  [o.n.k.i.DiagnosticsManager]:  [loader.0] file:/Users/hall/.rvm/gems/jruby-1.7.4/gems/neo4j-core-2.3.0-java/lib/neo4j-core/jars/neo4jrb-adaptor.jar
2013-10-08 02:28:50.785+0000 INFO  [o.n.k.i.DiagnosticsManager]:  [loader.2] file:/System/Library/Java/Extensions/libJ3D.jnilib
2013-10-08 02:28:50.785+0000 INFO  [o.n.k.i.DiagnosticsManager]:  [loader.2] file:/System/Library/Java/Extensions/mlibwrapper_jai.jar
2013-10-08 02:28:50.785+0000 INFO  [o.n.k.i.DiagnosticsManager]:  [loader.0] file:/Users/hall/.rvm/gems/jruby-1.7.4/gems/neo4j-community-1.9.2-java/lib/neo4j-community/jars/neo4j-shell-1.9.2.jar
2013-10-08 02:28:50.786+0000 INFO  [o.n.k.i.DiagnosticsManager]:  [loader.0] file:/Users/hall/.rvm/gems/jruby-1.7.4/gems/neo4j-enterprise-1.9.2-java/lib/neo4j-enterprise/jars/netty-3.6.3.Final.jar
2013-10-08 02:28:50.786+0000 INFO  [o.n.k.i.DiagnosticsManager]:  [loader.0] file:/Users/hall/.rvm/gems/jruby-1.7.4/gems/neo4j-community-1.9.2-java/lib/neo4j-community/jars/neo4j-jmx-1.9.2.jar
2013-10-08 02:28:50.786+0000 INFO  [o.n.k.i.DiagnosticsManager]:  [loader.2] file:/System/Library/Java/Extensions/QTJava.zip
2013-10-08 02:28:50.786+0000 INFO  [o.n.k.i.DiagnosticsManager]:  [loader.0] file:/Users/hall/.rvm/gems/jruby-1.7.4/gems/neo4j-community-1.9.2-java/lib/neo4j-community/jars/neo4j-graph-matching-1.9.2.jar
2013-10-08 02:28:50.786+0000 INFO  [o.n.k.i.DiagnosticsManager]:  [loader.0] file:/Users/hall/.rvm/gems/jruby-1.7.4/gems/json-1.8.0-java/lib/json/ext/generator.jar
2013-10-08 02:28:50.786+0000 INFO  [o.n.k.i.DiagnosticsManager]:  [loader.0] file:/Users/hall/.rvm/gems/jruby-1.7.4/gems/neo4j-enterprise-1.9.2-java/lib/neo4j-enterprise/jars/neo4j-com-1.9.2.jar
2013-10-08 02:28:50.786+0000 INFO  [o.n.k.i.DiagnosticsManager]:  [loader.0] file:/Users/hall/.rvm/rubies/jruby-1.7.4/lib/ruby/shared/kryptcore.jar
2013-10-08 02:28:50.786+0000 INFO  [o.n.k.i.DiagnosticsManager]:  [loader.0] file:/Users/hall/.rvm/gems/jruby-1.7.4/gems/neo4j-enterprise-1.9.2-java/lib/neo4j-enterprise/jars/slf4j-api-1.6.2.jar
2013-10-08 02:28:50.786+0000 INFO  [o.n.k.i.DiagnosticsManager]:  [loader.0] file:/Users/hall/.rvm/gems/jruby-1.7.4/gems/neo4j-enterprise-1.9.2-java/lib/neo4j-enterprise/jars/logback-core-0.9.30.jar
2013-10-08 02:28:50.786+0000 INFO  [o.n.k.i.DiagnosticsManager]:  [loader.0] file:/Users/hall/.rvm/rubies/jruby-1.7.4/lib/ruby/shared/kryptproviderjdk.jar
2013-10-08 02:28:50.786+0000 INFO  [o.n.k.i.DiagnosticsManager]:  [loader.2] file:/System/Library/Java/Extensions/libJ3DAudio.jnilib
2013-10-08 02:28:50.786+0000 INFO  [o.n.k.i.DiagnosticsManager]:  [loader.2] file:/System/Library/Java/Extensions/libAppleScriptEngine.jnilib
2013-10-08 02:28:50.786+0000 INFO  [o.n.k.i.DiagnosticsManager]:  [bootstrap] /Library/Java/JavaVirtualMachines/jdk1.7.0_13.jdk/Contents/Home/jre/lib/jsse.jar
2013-10-08 02:28:50.786+0000 INFO  [o.n.k.i.DiagnosticsManager]:  [loader.2] file:/System/Library/Java/Extensions/j3daudio.jar
2013-10-08 02:28:50.786+0000 INFO  [o.n.k.i.DiagnosticsManager]:  [loader.2] file:/System/Library/Java/Extensions/libJ3DUtils.jnilib
2013-10-08 02:28:50.786+0000 INFO  [o.n.k.i.DiagnosticsManager]:  [loader.2] file:/Library/Java/JavaVirtualMachines/jdk1.7.0_13.jdk/Contents/Home/jre/lib/ext/sunec.jar
2013-10-08 02:28:50.786+0000 INFO  [o.n.k.i.DiagnosticsManager]:  [loader.2] file:/System/Library/Java/Extensions/libQTJNative.jnilib
2013-10-08 02:28:50.786+0000 INFO  [o.n.k.i.DiagnosticsManager]:  [loader.2] file:/System/Library/Java/Extensions/j3dcore.jar
2013-10-08 02:28:50.786+0000 INFO  [o.n.k.i.DiagnosticsManager]:  [classpath + loader.1] file:/Users/hall/Code/Rails/jruby-ten/
2013-10-08 02:28:50.786+0000 INFO  [o.n.k.i.DiagnosticsManager]:  [bootstrap] /Library/Java/JavaVirtualMachines/jdk1.7.0_13.jdk/Contents/Home/jre/lib/sunrsasign.jar
2013-10-08 02:28:50.786+0000 INFO  [o.n.k.i.DiagnosticsManager]:  [loader.0] file:/Users/hall/.rvm/gems/jruby-1.7.4/gems/neo4j-enterprise-1.9.2-java/lib/neo4j-enterprise/jars/neo4j-cluster-1.9.2.jar
2013-10-08 02:28:50.786+0000 INFO  [o.n.k.i.DiagnosticsManager]:  [loader.2] file:/usr/lib/java/libjdns_sd.jnilib
2013-10-08 02:28:50.786+0000 INFO  [o.n.k.i.DiagnosticsManager]:  [loader.0] file:/Users/hall/.rvm/rubies/jruby-1.7.4/lib/ruby/shared/bcprov-jdk15on-147.jar
2013-10-08 02:28:50.786+0000 INFO  [o.n.k.i.DiagnosticsManager]:  [loader.0] file:/Users/hall/.rvm/gems/jruby-1.7.4/gems/neo4j-enterprise-1.9.2-java/lib/neo4j-enterprise/jars/neo4j-backup-1.9.2.jar
2013-10-08 02:28:50.786+0000 INFO  [o.n.k.i.DiagnosticsManager]:  [loader.0] file:/Users/hall/.rvm/gems/jruby-1.7.4/gems/neo4j-community-1.9.2-java/lib/neo4j-community/jars/neo4j-graph-algo-1.9.2.jar
2013-10-08 02:28:50.786+0000 INFO  [o.n.k.i.DiagnosticsManager]:  [loader.0] file:/Users/hall/.rvm/gems/jruby-1.7.4/gems/neo4j-enterprise-1.9.2-java/lib/neo4j-enterprise/jars/zookeeper-3.3.2.jar
2013-10-08 02:28:50.786+0000 INFO  [o.n.k.i.DiagnosticsManager]:  [loader.2] file:/System/Library/Java/Extensions/j3dutils.jar
2013-10-08 02:28:50.786+0000 INFO  [o.n.k.i.DiagnosticsManager]:  [loader.0] file:/Users/hall/.rvm/gems/jruby-1.7.4/gems/neo4j-community-1.9.2-java/lib/neo4j-community/jars/concurrentlinkedhashmap-lru-1.3.1.jar
2013-10-08 02:28:50.786+0000 INFO  [o.n.k.i.DiagnosticsManager]:  [loader.0] file:/Users/hall/.rvm/gems/jruby-1.7.4/gems/neo4j-community-1.9.2-java/lib/neo4j-community/jars/neo4j-kernel-1.9.2.jar
2013-10-08 02:28:50.786+0000 INFO  [o.n.k.i.DiagnosticsManager]:  [loader.2] file:/System/Library/Java/Extensions/jai_core.jar
2013-10-08 02:28:50.786+0000 INFO  [o.n.k.i.DiagnosticsManager]:  [loader.0] file:/Users/hall/.rvm/gems/jruby-1.7.4/gems/therubyrhino_jar-1.7.4/jar/rhino-1.7R4.jar
2013-10-08 02:28:50.786+0000 INFO  [o.n.k.i.DiagnosticsManager]:  [loader.2] file:/System/Library/Java/Extensions/jai_codec.jar
2013-10-08 02:28:50.786+0000 INFO  [o.n.k.i.DiagnosticsManager]:  [loader.2] file:/Library/Java/JavaVirtualMachines/jdk1.7.0_13.jdk/Contents/Home/jre/lib/ext/dnsns.jar
2013-10-08 02:28:50.786+0000 INFO  [o.n.k.i.DiagnosticsManager]:  [bootstrap] /Library/Java/JavaVirtualMachines/jdk1.7.0_13.jdk/Contents/Home/jre/lib/jfr.jar
2013-10-08 02:28:50.787+0000 INFO  [o.n.k.i.DiagnosticsManager]:  [bootstrap] /Library/Java/JavaVirtualMachines/jdk1.7.0_13.jdk/Contents/Home/jre/lib/jce.jar
2013-10-08 02:28:50.787+0000 INFO  [o.n.k.i.DiagnosticsManager]:  [loader.0] file:/Users/hall/.rvm/gems/jruby-1.7.4/gems/neo4j-enterprise-1.9.2-java/lib/neo4j-enterprise/jars/log4j-1.2.16.jar
2013-10-08 02:28:50.787+0000 INFO  [o.n.k.i.DiagnosticsManager]:  [loader.0] file:/Users/hall/.rvm/gems/jruby-1.7.4/gems/neo4j-community-1.9.2-java/lib/neo4j-community/jars/neo4j-cypher-1.9.2.jar
2013-10-08 02:28:50.787+0000 INFO  [o.n.k.i.DiagnosticsManager]:  [bootstrap] /Library/Java/JavaVirtualMachines/jdk1.7.0_13.jdk/Contents/Home/jre/lib/resources.jar
2013-10-08 02:28:50.787+0000 INFO  [o.n.k.i.DiagnosticsManager]:  [loader.0] file:/Users/hall/.rvm/gems/jruby-1.7.4/gems/neo4j-enterprise-1.9.2-java/lib/neo4j-enterprise/jars/logback-classic-0.9.30.jar
2013-10-08 02:28:50.787+0000 INFO  [o.n.k.i.DiagnosticsManager]:  [loader.0] file:/Users/hall/.rvm/gems/jruby-1.7.4/gems/neo4j-community-1.9.2-java/lib/neo4j-community/jars/lucene-core-3.6.2.jar
2013-10-08 02:28:50.787+0000 INFO  [o.n.k.i.DiagnosticsManager]:  [loader.0] file:/Users/hall/.rvm/gems/jruby-1.7.4/gems/neo4j-enterprise-1.9.2-java/lib/neo4j-enterprise/jars/neo4j-udc-1.9.2.jar
2013-10-08 02:28:50.787+0000 INFO  [o.n.k.i.DiagnosticsManager]:  [loader.2] file:/Library/Java/JavaVirtualMachines/jdk1.7.0_13.jdk/Contents/Home/jre/lib/ext/sunpkcs11.jar
2013-10-08 02:28:50.787+0000 INFO  [o.n.k.i.DiagnosticsManager]:  [loader.0] file:/Users/hall/.rvm/gems/jruby-1.7.4/gems/neo4j-advanced-1.9.2-java/lib/neo4j-advanced/jars/neo4j-management-1.9.2.jar
2013-10-08 02:28:50.787+0000 INFO  [o.n.k.i.DiagnosticsManager]:  [bootstrap] /Library/Java/JavaVirtualMachines/jdk1.7.0_13.jdk/Contents/Home/jre/classes
2013-10-08 02:28:50.787+0000 INFO  [o.n.k.i.DiagnosticsManager]:  [loader.0] file:/Users/hall/.rvm/gems/jruby-1.7.4/gems/neo4j-community-1.9.2-java/lib/neo4j-community/jars/server-api-1.9.2.jar
2013-10-08 02:28:50.787+0000 INFO  [o.n.k.i.DiagnosticsManager]:  [loader.0] file:/Users/hall/.rvm/gems/jruby-1.7.4/gems/neo4j-community-1.9.2-java/lib/neo4j-community/jars/neo4j-udc-1.9.2.jar
2013-10-08 02:28:50.787+0000 INFO  [o.n.k.i.DiagnosticsManager]:  [loader.0] file:/Users/hall/.rvm/rubies/jruby-1.7.4/lib/ruby/shared/bcpkix-jdk15on-147.jar
2013-10-08 02:28:50.787+0000 INFO  [o.n.k.i.DiagnosticsManager]:  [loader.0] file:/Users/hall/.rvm/gems/jruby-1.7.4/gems/neo4j-community-1.9.2-java/lib/neo4j-community/jars/org.apache.servicemix.bundles.jline-0.9.94_1.jar
2013-10-08 02:28:50.787+0000 INFO  [o.n.k.i.DiagnosticsManager]:  [loader.0] file:/Users/hall/.rvm/gems/jruby-1.7.4/gems/neo4j-enterprise-1.9.2-java/lib/neo4j-enterprise/jars/neo4j-ha-1.9.2.jar
2013-10-08 02:28:50.787+0000 INFO  [o.n.k.i.DiagnosticsManager]:  [loader.2] file:/System/Library/Java/Extensions/AppleScriptEngine.jar
2013-10-08 02:28:50.787+0000 INFO  [o.n.k.i.DiagnosticsManager]:  [loader.0] file:/Users/hall/.rvm/gems/jruby-1.7.4/gems/neo4j-enterprise-1.9.2-java/lib/neo4j-enterprise/jars/neo4j-consistency-check-1.9.2.jar
2013-10-08 02:28:50.787+0000 INFO  [o.n.k.i.DiagnosticsManager]:  [bootstrap] /Users/hall/.rvm/rubies/jruby-1.7.4/lib/jruby.jar
2013-10-08 02:28:50.787+0000 INFO  [o.n.k.i.DiagnosticsManager]:  [loader.0] file:/Users/hall/.rvm/gems/jruby-1.7.4/gems/puma-2.6.0-java/lib/puma/puma_http11.jar
2013-10-08 02:28:50.787+0000 INFO  [o.n.k.i.DiagnosticsManager]:  [loader.2] file:/Library/Java/JavaVirtualMachines/jdk1.7.0_13.jdk/Contents/Home/jre/lib/ext/zipfs.jar
2013-10-08 02:28:50.787+0000 INFO  [o.n.k.i.DiagnosticsManager]: Library path:
2013-10-08 02:28:50.787+0000 INFO  [o.n.k.i.DiagnosticsManager]: /Users/hall/Library/Java/Extensions
2013-10-08 02:28:50.787+0000 INFO  [o.n.k.i.DiagnosticsManager]: /Library/Java/Extensions
2013-10-08 02:28:50.788+0000 INFO  [o.n.k.i.DiagnosticsManager]: /Network/Library/Java/Extensions
2013-10-08 02:28:50.788+0000 INFO  [o.n.k.i.DiagnosticsManager]: /System/Library/Java/Extensions
2013-10-08 02:28:50.788+0000 INFO  [o.n.k.i.DiagnosticsManager]: /usr/lib/java
2013-10-08 02:28:50.788+0000 INFO  [o.n.k.i.DiagnosticsManager]: /Users/hall/Code/Rails/jruby-ten
2013-10-08 02:28:50.788+0000 INFO  [o.n.k.i.DiagnosticsManager]: System.properties:
2013-10-08 02:28:50.788+0000 INFO  [o.n.k.i.DiagnosticsManager]: jruby.home = /Users/hall/.rvm/rubies/jruby-1.7.4
2013-10-08 02:28:50.788+0000 INFO  [o.n.k.i.DiagnosticsManager]: sun.boot.library.path = /Library/Java/JavaVirtualMachines/jdk1.7.0_13.jdk/Contents/Home/jre/lib
2013-10-08 02:28:50.788+0000 INFO  [o.n.k.i.DiagnosticsManager]: gopherProxySet = false
2013-10-08 02:28:50.788+0000 INFO  [o.n.k.i.DiagnosticsManager]: path.separator = :
2013-10-08 02:28:50.788+0000 INFO  [o.n.k.i.DiagnosticsManager]: file.encoding.pkg = sun.io
2013-10-08 02:28:50.788+0000 INFO  [o.n.k.i.DiagnosticsManager]: user.country = US
2013-10-08 02:28:50.788+0000 INFO  [o.n.k.i.DiagnosticsManager]: sun.java.launcher = SUN_STANDARD
2013-10-08 02:28:50.788+0000 INFO  [o.n.k.i.DiagnosticsManager]: sun.os.patch.level = unknown
2013-10-08 02:28:50.788+0000 INFO  [o.n.k.i.DiagnosticsManager]: user.dir = /Users/hall/Code/Rails/jruby-ten
2013-10-08 02:28:50.788+0000 INFO  [o.n.k.i.DiagnosticsManager]: neo4j.ext.udc.source = neo4rb
2013-10-08 02:28:50.788+0000 INFO  [o.n.k.i.DiagnosticsManager]: jdk.home = 
2013-10-08 02:28:50.788+0000 INFO  [o.n.k.i.DiagnosticsManager]: sun.jnu.encoding = UTF-8
2013-10-08 02:28:50.788+0000 INFO  [o.n.k.i.DiagnosticsManager]: sun.management.compiler = HotSpot 64-Bit Tiered Compilers
2013-10-08 02:28:50.788+0000 INFO  [o.n.k.i.DiagnosticsManager]: http.nonProxyHosts = local|*.local|169.254/16|*.169.254/16
2013-10-08 02:28:50.788+0000 INFO  [o.n.k.i.DiagnosticsManager]: jffi.boot.library.path = /Users/hall/.rvm/rubies/jruby-1.7.4/lib/native:/Users/hall/.rvm/rubies/jruby-1.7.4/lib/native/Darwin
2013-10-08 02:28:50.788+0000 INFO  [o.n.k.i.DiagnosticsManager]: user.home = /Users/hall
2013-10-08 02:28:50.788+0000 INFO  [o.n.k.i.DiagnosticsManager]: user.timezone = America/New_York
2013-10-08 02:28:50.788+0000 INFO  [o.n.k.i.DiagnosticsManager]: file.encoding = UTF-8
2013-10-08 02:28:50.789+0000 INFO  [o.n.k.i.DiagnosticsManager]: jruby.script = jruby
2013-10-08 02:28:50.789+0000 INFO  [o.n.k.i.DiagnosticsManager]: user.name = hall
2013-10-08 02:28:50.789+0000 INFO  [o.n.k.i.DiagnosticsManager]: jruby.shell = /bin/sh
2013-10-08 02:28:50.789+0000 INFO  [o.n.k.i.DiagnosticsManager]: sun.java.command = org/jruby/Main script/rails s
2013-10-08 02:28:50.789+0000 INFO  [o.n.k.i.DiagnosticsManager]: sun.arch.data.model = 64
2013-10-08 02:28:50.789+0000 INFO  [o.n.k.i.DiagnosticsManager]: user.language = en
2013-10-08 02:28:50.789+0000 INFO  [o.n.k.i.DiagnosticsManager]: awt.toolkit = sun.lwawt.macosx.LWCToolkit
2013-10-08 02:28:50.789+0000 INFO  [o.n.k.i.DiagnosticsManager]: file.separator = /
2013-10-08 02:28:50.789+0000 INFO  [o.n.k.i.DiagnosticsManager]: sun.io.unicode.encoding = UnicodeBig
2013-10-08 02:28:50.789+0000 INFO  [o.n.k.i.DiagnosticsManager]: sun.cpu.endian = little
2013-10-08 02:28:50.789+0000 INFO  [o.n.k.i.DiagnosticsManager]: socksNonProxyHosts = local|*.local|169.254/16|*.169.254/16
2013-10-08 02:28:50.789+0000 INFO  [o.n.k.i.DiagnosticsManager]: ftp.nonProxyHosts = local|*.local|169.254/16|*.169.254/16
2013-10-08 02:28:50.789+0000 INFO  [o.n.k.i.DiagnosticsManager]: sun.cpu.isalist = 
2013-10-08 02:28:50.789+0000 INFO  [o.n.k.i.DiagnosticsManager]: Network information:
2013-10-08 02:28:50.791+0000 INFO  [o.n.k.i.DiagnosticsManager]: Interface utun0:
2013-10-08 02:28:50.791+0000 INFO  [o.n.k.i.DiagnosticsManager]:     address: fd95:8897:c35d:99b3:79e6:781e:d29f:9572
2013-10-08 02:28:50.791+0000 INFO  [o.n.k.i.DiagnosticsManager]:     address: fe80:0:0:0:79e6:781e:d29f:9572%8
2013-10-08 02:28:50.791+0000 INFO  [o.n.k.i.DiagnosticsManager]: Interface en0:
2013-10-08 02:28:50.791+0000 INFO  [o.n.k.i.DiagnosticsManager]:     address: fe80:0:0:0:ba8d:12ff:fe04:dfc8%4
2013-10-08 02:28:50.791+0000 INFO  [o.n.k.i.DiagnosticsManager]:     address: 192.168.18.6
2013-10-08 02:28:50.791+0000 INFO  [o.n.k.i.DiagnosticsManager]: Interface lo0:
2013-10-08 02:28:50.791+0000 INFO  [o.n.k.i.DiagnosticsManager]:     address: fe80:0:0:0:0:0:0:1%1
2013-10-08 02:28:50.791+0000 INFO  [o.n.k.i.DiagnosticsManager]:     address: 0:0:0:0:0:0:0:1
2013-10-08 02:28:50.792+0000 INFO  [o.n.k.i.DiagnosticsManager]:     address: 127.0.0.1
2013-10-08 02:28:50.792+0000 INFO  [o.n.k.i.DiagnosticsManager]: High Availability diagnostics
Member state:PENDING
State machines:
   AtomicBroadcastMessage:start
   AcceptorMessage:start
   ProposerMessage:start
   LearnerMessage:start
   HeartbeatMessage:start
   ElectionMessage:start
   SnapshotMessage:start
   ClusterMessage:start
Current timeouts:

2013-10-08 02:28:50.792+0000 INFO  [o.n.k.i.DiagnosticsManager]: --- INITIALIZED diagnostics END ---
2013-10-08 02:28:50.951+0000 INFO  [o.n.k.i.n.s.StoreFactory]: Creating new db @ /Users/hall/Code/Rails/jruby-ten/db/ha_neo_1/neostore
2013-10-08 02:28:50.968+0000 INFO  [o.n.k.i.n.s.StoreFactory]: [/Users/hall/Code/Rails/jruby-ten/db/ha_neo_1/neostore.nodestore.db] brickCount=0 brickSize=1090512b mappedMem=109051904b (storeSize=0b)
2013-10-08 02:28:50.978+0000 INFO  [o.n.k.i.n.s.StoreFactory]: /Users/hall/Code/Rails/jruby-ten/db/ha_neo_1/neostore.nodestore.db hit=1 miss=0 switches=0 ooe=0
2013-10-08 02:28:50.991+0000 INFO  [o.n.k.i.n.s.StoreFactory]: [/Users/hall/Code/Rails/jruby-ten/db/ha_neo_1/neostore.relationshiptypestore.db.names] brickCount=0 brickSize=0b mappedMem=0b (storeSize=38b)
2013-10-08 02:28:50.994+0000 INFO  [o.n.k.i.n.s.StoreFactory]: [/Users/hall/Code/Rails/jruby-ten/db/ha_neo_1/neostore.relationshiptypestore.db] brickCount=0 brickSize=0b mappedMem=0b (storeSize=0b)
2013-10-08 02:28:50.994+0000 INFO  [o.n.k.i.n.s.StoreFactory]: /Users/hall/Code/Rails/jruby-ten/db/ha_neo_1/neostore.relationshiptypestore.db.names hit=0 miss=0 switches=0 ooe=0
2013-10-08 02:28:50.995+0000 INFO  [o.n.k.i.n.s.StoreFactory]: /Users/hall/Code/Rails/jruby-ten/db/ha_neo_1/neostore.relationshiptypestore.db hit=0 miss=0 switches=0 ooe=0
2013-10-08 02:28:50.996+0000 INFO  [o.n.k.i.n.s.StoreFactory]: [/Users/hall/Code/Rails/jruby-ten/db/ha_neo_1/neostore.relationshiptypestore.db.names] brickCount=0 brickSize=0b mappedMem=0b (storeSize=38b)
2013-10-08 02:28:50.997+0000 INFO  [o.n.k.i.n.s.StoreFactory]: [/Users/hall/Code/Rails/jruby-ten/db/ha_neo_1/neostore.relationshiptypestore.db] brickCount=0 brickSize=0b mappedMem=0b (storeSize=0b)
2013-10-08 02:28:50.998+0000 INFO  [o.n.k.i.n.s.StoreFactory]: [/Users/hall/Code/Rails/jruby-ten/db/ha_neo_1/neostore.propertystore.db.strings] brickCount=0 brickSize=334464b mappedMem=334495744b (storeSize=128b)
2013-10-08 02:28:50.999+0000 INFO  [o.n.k.i.n.s.StoreFactory]: [/Users/hall/Code/Rails/jruby-ten/db/ha_neo_1/neostore.propertystore.db.index.keys] brickCount=0 brickSize=0b mappedMem=0b (storeSize=38b)
2013-10-08 02:28:51.001+0000 INFO  [o.n.k.i.n.s.StoreFactory]: [/Users/hall/Code/Rails/jruby-ten/db/ha_neo_1/neostore.propertystore.db.index] brickCount=0 brickSize=0b mappedMem=0b (storeSize=0b)
2013-10-08 02:28:51.003+0000 INFO  [o.n.k.i.n.s.StoreFactory]: [/Users/hall/Code/Rails/jruby-ten/db/ha_neo_1/neostore.propertystore.db.arrays] brickCount=0 brickSize=379520b mappedMem=379584512b (storeSize=128b)
2013-10-08 02:28:51.006+0000 INFO  [o.n.k.i.n.s.StoreFactory]: [/Users/hall/Code/Rails/jruby-ten/db/ha_neo_1/neostore.propertystore.db] brickCount=0 brickSize=3942642b mappedMem=394264576b (storeSize=0b)
2013-10-08 02:28:51.007+0000 INFO  [o.n.k.i.n.s.StoreFactory]: [/Users/hall/Code/Rails/jruby-ten/db/ha_neo_1/neostore.relationshipstore.db] brickCount=0 brickSize=4823445b mappedMem=482344960b (storeSize=0b)
2013-10-08 02:28:51.008+0000 INFO  [o.n.k.i.n.s.StoreFactory]: [/Users/hall/Code/Rails/jruby-ten/db/ha_neo_1/neostore.nodestore.db] brickCount=0 brickSize=109044b mappedMem=109051904b (storeSize=9b)
2013-10-08 02:28:51.011+0000 INFO  [o.n.k.i.n.s.StoreFactory]: [/Users/hall/Code/Rails/jruby-ten/db/ha_neo_1/neostore] brickCount=0 brickSize=0b mappedMem=0b (storeSize=0b)
2013-10-08 02:28:51.016+0000 INFO  [o.n.k.i.n.s.StoreFactory]: /Users/hall/Code/Rails/jruby-ten/db/ha_neo_1/neostore.relationshiptypestore.db.names hit=0 miss=0 switches=0 ooe=0
2013-10-08 02:28:51.017+0000 INFO  [o.n.k.i.n.s.StoreFactory]: /Users/hall/Code/Rails/jruby-ten/db/ha_neo_1/neostore.relationshiptypestore.db hit=0 miss=0 switches=0 ooe=0
2013-10-08 02:28:51.018+0000 INFO  [o.n.k.i.n.s.StoreFactory]: /Users/hall/Code/Rails/jruby-ten/db/ha_neo_1/neostore.propertystore.db.strings hit=0 miss=0 switches=0 ooe=0
2013-10-08 02:28:51.019+0000 INFO  [o.n.k.i.n.s.StoreFactory]: /Users/hall/Code/Rails/jruby-ten/db/ha_neo_1/neostore.propertystore.db.index.keys hit=0 miss=0 switches=0 ooe=0
2013-10-08 02:28:51.019+0000 INFO  [o.n.k.i.n.s.StoreFactory]: /Users/hall/Code/Rails/jruby-ten/db/ha_neo_1/neostore.propertystore.db.index hit=0 miss=0 switches=0 ooe=0
2013-10-08 02:28:51.020+0000 INFO  [o.n.k.i.n.s.StoreFactory]: /Users/hall/Code/Rails/jruby-ten/db/ha_neo_1/neostore.propertystore.db.arrays hit=0 miss=0 switches=0 ooe=0
2013-10-08 02:28:51.021+0000 INFO  [o.n.k.i.n.s.StoreFactory]: /Users/hall/Code/Rails/jruby-ten/db/ha_neo_1/neostore.propertystore.db hit=0 miss=0 switches=0 ooe=0
2013-10-08 02:28:51.021+0000 INFO  [o.n.k.i.n.s.StoreFactory]: /Users/hall/Code/Rails/jruby-ten/db/ha_neo_1/neostore.relationshipstore.db hit=0 miss=0 switches=0 ooe=0
2013-10-08 02:28:51.022+0000 INFO  [o.n.k.i.n.s.StoreFactory]: /Users/hall/Code/Rails/jruby-ten/db/ha_neo_1/neostore.nodestore.db hit=0 miss=0 switches=0 ooe=0
2013-10-08 02:28:51.022+0000 INFO  [o.n.k.i.n.s.StoreFactory]: /Users/hall/Code/Rails/jruby-ten/db/ha_neo_1/neostore hit=0 miss=8 switches=0 ooe=0
2013-10-08 02:28:51.026+0000 INFO  [o.n.k.i.n.s.StoreFactory]: [/Users/hall/Code/Rails/jruby-ten/db/ha_neo_1/neostore.relationshiptypestore.db.names] brickCount=0 brickSize=0b mappedMem=0b (storeSize=38b)
2013-10-08 02:28:51.026+0000 INFO  [o.n.k.i.n.s.StoreFactory]: [/Users/hall/Code/Rails/jruby-ten/db/ha_neo_1/neostore.relationshiptypestore.db] brickCount=0 brickSize=0b mappedMem=0b (storeSize=0b)
2013-10-08 02:28:51.027+0000 INFO  [o.n.k.i.n.s.StoreFactory]: [/Users/hall/Code/Rails/jruby-ten/db/ha_neo_1/neostore.propertystore.db.strings] brickCount=0 brickSize=334464b mappedMem=334495744b (storeSize=128b)
2013-10-08 02:28:51.028+0000 INFO  [o.n.k.i.n.s.StoreFactory]: [/Users/hall/Code/Rails/jruby-ten/db/ha_neo_1/neostore.propertystore.db.index.keys] brickCount=0 brickSize=0b mappedMem=0b (storeSize=38b)
2013-10-08 02:28:51.028+0000 INFO  [o.n.k.i.n.s.StoreFactory]: [/Users/hall/Code/Rails/jruby-ten/db/ha_neo_1/neostore.propertystore.db.index] brickCount=0 brickSize=0b mappedMem=0b (storeSize=0b)
2013-10-08 02:28:51.029+0000 INFO  [o.n.k.i.n.s.StoreFactory]: [/Users/hall/Code/Rails/jruby-ten/db/ha_neo_1/neostore.propertystore.db.arrays] brickCount=0 brickSize=379520b mappedMem=379584512b (storeSize=128b)
2013-10-08 02:28:51.030+0000 INFO  [o.n.k.i.n.s.StoreFactory]: [/Users/hall/Code/Rails/jruby-ten/db/ha_neo_1/neostore.propertystore.db] brickCount=0 brickSize=3942642b mappedMem=394264576b (storeSize=0b)
2013-10-08 02:28:51.031+0000 INFO  [o.n.k.i.n.s.StoreFactory]: [/Users/hall/Code/Rails/jruby-ten/db/ha_neo_1/neostore.relationshipstore.db] brickCount=0 brickSize=4823445b mappedMem=482344960b (storeSize=0b)
2013-10-08 02:28:51.032+0000 INFO  [o.n.k.i.n.s.StoreFactory]: [/Users/hall/Code/Rails/jruby-ten/db/ha_neo_1/neostore.nodestore.db] brickCount=0 brickSize=109044b mappedMem=109051904b (storeSize=9b)
2013-10-08 02:28:51.033+0000 INFO  [o.n.k.i.n.s.StoreFactory]: [/Users/hall/Code/Rails/jruby-ten/db/ha_neo_1/neostore] brickCount=0 brickSize=0b mappedMem=0b (storeSize=54b)
2013-10-08 02:28:51.057+0000 INFO  [o.n.k.i.t.x.XaLogicalLog]: Opened logical log [/Users/hall/Code/Rails/jruby-ten/db/ha_neo_1/nioneo_logical.log.1] version=0, lastTxId=1 (clean)
2013-10-08 02:28:51.064+0000 INFO  [o.n.k.i.t.TxManager]: TM new log: tm_tx_log.1
2013-10-08 02:28:51.100+0000 INFO  [o.n.k.i.t.x.XaLogicalLog]: Opened logical log [/Users/hall/Code/Rails/jruby-ten/db/ha_neo_1/index/lucene.log.1] version=0, lastTxId=1 (clean)
2013-10-08 02:28:51.108+0000 INFO  [o.n.k.h.HighlyAvailableGraphDatabase]: Started - database is now available
2013-10-08 02:28:51.108+0000 INFO  [o.n.k.h.HighlyAvailableGraphDatabase]: GC Monitor started. 
2013-10-08 02:28:51.220+0000 INFO  [o.n.c.m.p.PaxosClusterMemberAvailability]: Listening at:cluster://127.0.0.1:5001
2013-10-08 02:28:51.234+0000 INFO  [o.n.c.c.ClusterJoin]: Attempting to join cluster of [localhost:5001, localhost:5002, localhost:5003]
2013-10-08 02:28:51.263+0000 INFO  [o.n.c.c.NetworkInstance]: cluster://127.0.0.1:5001 opened a new channel to localhost/127.0.0.1:5001
2013-10-08 02:28:52.238+0000 ERROR [o.n.c.c.NetworkInstance]: Receive exception:
java.nio.channels.ClosedChannelException: null
	at sun.nio.ch.SocketChannelImpl.ensureOpenAndUnconnected(SocketChannelImpl.java:583) ~[na:1.7.0_13]
	at sun.nio.ch.SocketChannelImpl.connect(SocketChannelImpl.java:596) ~[na:1.7.0_13]
	at org.jboss.netty.channel.socket.nio.NioClientSocketPipelineSink.connect(NioClientSocketPipelineSink.java:106) ~[netty-3.6.3.Final.jar:na]
	at org.jboss.netty.channel.socket.nio.NioClientSocketPipelineSink.eventSunk(NioClientSocketPipelineSink.java:69) ~[netty-3.6.3.Final.jar:na]
	at org.jboss.netty.handler.logging.LoggingHandler.handleDownstream(LoggingHandler.java:338) ~[netty-3.6.3.Final.jar:na]
	at org.jboss.netty.handler.codec.oneone.OneToOneEncoder.handleDownstream(OneToOneEncoder.java:54) ~[netty-3.6.3.Final.jar:na]
	at org.jboss.netty.channel.Channels.connect(Channels.java:634) [netty-3.6.3.Final.jar:na]
	at org.jboss.netty.channel.AbstractChannel.connect(AbstractChannel.java:207) [netty-3.6.3.Final.jar:na]
	at org.jboss.netty.bootstrap.ClientBootstrap.connect(ClientBootstrap.java:229) [netty-3.6.3.Final.jar:na]
	at org.jboss.netty.bootstrap.ClientBootstrap.connect(ClientBootstrap.java:182) [netty-3.6.3.Final.jar:na]
	at org.neo4j.cluster.com.NetworkInstance.openChannel(NetworkInstance.java:430) [neo4j-cluster-1.9.2.jar:1.9.2]
	at org.neo4j.cluster.com.NetworkInstance.send(NetworkInstance.java:349) [neo4j-cluster-1.9.2.jar:1.9.2]
	at org.neo4j.cluster.com.NetworkInstance.process(NetworkInstance.java:285) [neo4j-cluster-1.9.2.jar:1.9.2]
	at org.neo4j.cluster.com.NetworkInstance$1.run(NetworkInstance.java:257) [neo4j-cluster-1.9.2.jar:1.9.2]
	at java.util.concurrent.Executors$RunnableAdapter.call(Executors.java:471) [na:1.7.0_13]
	at java.util.concurrent.FutureTask$Sync.innerRun(FutureTask.java:334) [na:1.7.0_13]
	at java.util.concurrent.FutureTask.run(FutureTask.java:166) [na:1.7.0_13]
	at java.util.concurrent.ThreadPoolExecutor.runWorker(ThreadPoolExecutor.java:1145) [na:1.7.0_13]
	at java.util.concurrent.ThreadPoolExecutor$Worker.run(ThreadPoolExecutor.java:615) [na:1.7.0_13]
	at java.lang.Thread.run(Thread.java:722) [na:1.7.0_13]
2013-10-08 02:29:10.317+0000 ERROR [o.n.c.c.NetworkInstance]: Receive exception:
java.nio.channels.AsynchronousCloseException: null
	at java.nio.channels.spi.AbstractInterruptibleChannel.end(AbstractInterruptibleChannel.java:205) ~[na:1.7.0_13]
	at sun.nio.ch.SocketChannelImpl.finishConnect(SocketChannelImpl.java:728) ~[na:1.7.0_13]
	at org.jboss.netty.channel.socket.nio.NioClientBoss.connect(NioClientBoss.java:148) ~[netty-3.6.3.Final.jar:na]
	at org.jboss.netty.channel.socket.nio.NioClientBoss.processSelectedKeys(NioClientBoss.java:104) ~[netty-3.6.3.Final.jar:na]
	at org.jboss.netty.channel.socket.nio.NioClientBoss.process(NioClientBoss.java:78) ~[netty-3.6.3.Final.jar:na]
	at org.jboss.netty.channel.socket.nio.AbstractNioSelector.run(AbstractNioSelector.java:312) ~[netty-3.6.3.Final.jar:na]
	at org.jboss.netty.channel.socket.nio.NioClientBoss.run(NioClientBoss.java:41) ~[netty-3.6.3.Final.jar:na]
	at java.util.concurrent.ThreadPoolExecutor.runWorker(ThreadPoolExecutor.java:1145) [na:1.7.0_13]
	at java.util.concurrent.ThreadPoolExecutor$Worker.run(ThreadPoolExecutor.java:615) [na:1.7.0_13]
	at java.lang.Thread.run(Thread.java:722) [na:1.7.0_13]
2013-10-08 02:29:27.418+0000 ERROR [o.n.c.c.NetworkInstance]: Receive exception:
java.nio.channels.ClosedChannelException: null
	at sun.nio.ch.SocketChannelImpl.ensureOpenAndUnconnected(SocketChannelImpl.java:583) ~[na:1.7.0_13]
	at sun.nio.ch.SocketChannelImpl.connect(SocketChannelImpl.java:596) ~[na:1.7.0_13]
	at org.jboss.netty.channel.socket.nio.NioClientSocketPipelineSink.connect(NioClientSocketPipelineSink.java:106) ~[netty-3.6.3.Final.jar:na]
	at org.jboss.netty.channel.socket.nio.NioClientSocketPipelineSink.eventSunk(NioClientSocketPipelineSink.java:69) ~[netty-3.6.3.Final.jar:na]
	at org.jboss.netty.handler.logging.LoggingHandler.handleDownstream(LoggingHandler.java:338) ~[netty-3.6.3.Final.jar:na]
	at org.jboss.netty.handler.codec.oneone.OneToOneEncoder.handleDownstream(OneToOneEncoder.java:54) ~[netty-3.6.3.Final.jar:na]
	at org.jboss.netty.channel.Channels.connect(Channels.java:634) [netty-3.6.3.Final.jar:na]
	at org.jboss.netty.channel.AbstractChannel.connect(AbstractChannel.java:207) [netty-3.6.3.Final.jar:na]
	at org.jboss.netty.bootstrap.ClientBootstrap.connect(ClientBootstrap.java:229) [netty-3.6.3.Final.jar:na]
	at org.jboss.netty.bootstrap.ClientBootstrap.connect(ClientBootstrap.java:182) [netty-3.6.3.Final.jar:na]
	at org.neo4j.cluster.com.NetworkInstance.openChannel(NetworkInstance.java:430) [neo4j-cluster-1.9.2.jar:1.9.2]
	at org.neo4j.cluster.com.NetworkInstance.send(NetworkInstance.java:349) [neo4j-cluster-1.9.2.jar:1.9.2]
	at org.neo4j.cluster.com.NetworkInstance.process(NetworkInstance.java:285) [neo4j-cluster-1.9.2.jar:1.9.2]
	at org.neo4j.cluster.com.NetworkInstance$1.run(NetworkInstance.java:257) [neo4j-cluster-1.9.2.jar:1.9.2]
	at java.util.concurrent.Executors$RunnableAdapter.call(Executors.java:471) [na:1.7.0_13]
	at java.util.concurrent.FutureTask$Sync.innerRun(FutureTask.java:334) [na:1.7.0_13]
	at java.util.concurrent.FutureTask.run(FutureTask.java:166) [na:1.7.0_13]
	at java.util.concurrent.ThreadPoolExecutor.runWorker(ThreadPoolExecutor.java:1145) [na:1.7.0_13]
	at java.util.concurrent.ThreadPoolExecutor$Worker.run(ThreadPoolExecutor.java:615) [na:1.7.0_13]
	at java.lang.Thread.run(Thread.java:722) [na:1.7.0_13]
2013-10-08 02:29:43.502+0000 INFO  [o.n.c.c.ClusterJoin]: Could not join cluster of [localhost:5001, localhost:5002, localhost:5003]
2013-10-08 02:29:43.502+0000 INFO  [o.n.c.c.ClusterJoin]: Creating new cluster with name [neo4j.ha]...
2013-10-08 02:29:43.503+0000 INFO  [o.n.c.p.c.ClusterState]: Creating cluster: neo4j.ha
2013-10-08 02:29:43.523+0000 INFO  [o.n.k.h.c.HighAvailabilityModeSwitcher]: I am 1, moving to master
2013-10-08 02:29:43.540+0000 INFO  [o.n.k.h.c.m.MasterServer]: MasterServer communication server started and bound to localhost/127.0.0.1:6001
2013-10-08 02:29:43.541+0000 INFO  [o.n.k.h.c.HighAvailabilityModeSwitcher]: I am 1, successfully moved to master
2013-10-08 02:29:43.543+0000 INFO  [o.n.c.p.e.ElectionContext]: Doing elections for role coordinator
2013-10-08 02:29:43.555+0000 INFO  [o.n.k.i.DiagnosticsManager]: --- STARTED diagnostics for KernelDiagnostics:Versions START ---
2013-10-08 02:29:43.556+0000 INFO  [o.n.k.i.DiagnosticsManager]: Graph Database: org.neo4j.kernel.ha.HighlyAvailableGraphDatabase StoreId[time:1381199330951, id:-1364573829983608428, store version: 13561656364791302]
2013-10-08 02:29:43.556+0000 INFO  [o.n.k.i.DiagnosticsManager]: Kernel version: Neo4j - Graph Database Kernel 1.9.2
2013-10-08 02:29:43.556+0000 INFO  [o.n.k.i.DiagnosticsManager]: Neo4j component versions:
2013-10-08 02:29:43.558+0000 INFO  [o.n.k.i.DiagnosticsManager]:   Neo4j - Graph Database Kernel 1.9.2
2013-10-08 02:29:43.558+0000 INFO  [o.n.k.i.DiagnosticsManager]: --- STARTED diagnostics for KernelDiagnostics:Versions END ---
2013-10-08 02:29:43.560+0000 INFO  [o.n.k.i.DiagnosticsManager]: --- STARTED diagnostics for NEO_STORE_VERSIONS START ---
2013-10-08 02:29:43.561+0000 INFO  [o.n.k.i.DiagnosticsManager]: Store versions:
2013-10-08 02:29:43.561+0000 INFO  [o.n.k.i.DiagnosticsManager]: Store versions:
2013-10-08 02:29:43.561+0000 INFO  [o.n.k.i.DiagnosticsManager]:   NeoStore v0.A.0
2013-10-08 02:29:43.561+0000 INFO  [o.n.k.i.DiagnosticsManager]:   NodeStore v0.A.0
2013-10-08 02:29:43.561+0000 INFO  [o.n.k.i.DiagnosticsManager]:   RelationshipStore v0.A.0
2013-10-08 02:29:43.561+0000 INFO  [o.n.k.i.DiagnosticsManager]:   RelationshipTypeStore v0.A.0
2013-10-08 02:29:43.561+0000 INFO  [o.n.k.i.DiagnosticsManager]:   PropertyStore v0.A.0
2013-10-08 02:29:43.561+0000 INFO  [o.n.k.i.DiagnosticsManager]:   PropertyIndexStore v0.A.0
2013-10-08 02:29:43.561+0000 INFO  [o.n.k.i.DiagnosticsManager]:   StringPropertyStore v0.A.0
2013-10-08 02:29:43.561+0000 INFO  [o.n.k.i.DiagnosticsManager]:   ArrayPropertyStore v0.A.0
2013-10-08 02:29:43.561+0000 INFO  [o.n.k.i.DiagnosticsManager]: --- STARTED diagnostics for NEO_STORE_VERSIONS END ---
2013-10-08 02:29:43.561+0000 INFO  [o.n.k.i.DiagnosticsManager]: --- STARTED diagnostics for NEO_STORE_ID_USAGE START ---
2013-10-08 02:29:43.561+0000 INFO  [o.n.k.i.DiagnosticsManager]: Id usage:
2013-10-08 02:29:43.561+0000 INFO  [o.n.k.i.DiagnosticsManager]: Id usage:
2013-10-08 02:29:43.561+0000 INFO  [o.n.k.i.DiagnosticsManager]:   NodeStore: used=1 high=0
2013-10-08 02:29:43.561+0000 INFO  [o.n.k.i.DiagnosticsManager]:   RelationshipStore: used=0 high=-1
2013-10-08 02:29:43.561+0000 INFO  [o.n.k.i.DiagnosticsManager]:   RelationshipTypeStore: used=0 high=-1
2013-10-08 02:29:43.561+0000 INFO  [o.n.k.i.DiagnosticsManager]:   PropertyStore: used=0 high=-1
2013-10-08 02:29:43.561+0000 INFO  [o.n.k.i.DiagnosticsManager]:   PropertyIndexStore: used=0 high=-1
2013-10-08 02:29:43.561+0000 INFO  [o.n.k.i.DiagnosticsManager]:   StringPropertyStore: used=1 high=0
2013-10-08 02:29:43.562+0000 INFO  [o.n.k.i.DiagnosticsManager]:   ArrayPropertyStore: used=1 high=0
2013-10-08 02:29:43.562+0000 INFO  [o.n.k.i.DiagnosticsManager]: --- STARTED diagnostics for NEO_STORE_ID_USAGE END ---
2013-10-08 02:29:43.562+0000 INFO  [o.n.k.i.DiagnosticsManager]: --- STARTED diagnostics for PERSISTENCE_WINDOW_POOL_STATS START ---
2013-10-08 02:29:43.562+0000 INFO  [o.n.k.i.DiagnosticsManager]: --- STARTED diagnostics for PERSISTENCE_WINDOW_POOL_STATS END ---
2013-10-08 02:29:43.562+0000 INFO  [o.n.k.i.DiagnosticsManager]: --- STARTED diagnostics for KernelDiagnostics:StoreFiles START ---
2013-10-08 02:29:43.562+0000 INFO  [o.n.k.i.DiagnosticsManager]: Disk space on partition (Total / Free / Free %): 250140434432 / 133486759936 / 53
Storage files: (filename : modification date - size)
2013-10-08 02:29:43.563+0000 INFO  [o.n.k.i.DiagnosticsManager]:   active_tx_log: 2013-10-07T22:28:51-0400 - 11.00 B
2013-10-08 02:29:43.563+0000 INFO  [o.n.k.i.DiagnosticsManager]:   branched:
2013-10-08 02:29:43.564+0000 INFO  [o.n.k.i.DiagnosticsManager]:   - Total: 2013-10-07T22:28:50-0400 - 0.00 B
2013-10-08 02:29:43.564+0000 INFO  [o.n.k.i.DiagnosticsManager]:   index:
2013-10-08 02:29:43.564+0000 INFO  [o.n.k.i.DiagnosticsManager]:     lucene-store.db: 2013-10-07T22:28:51-0400 - 40.00 B
2013-10-08 02:29:43.564+0000 INFO  [o.n.k.i.DiagnosticsManager]:     lucene.log.1: 2013-10-07T22:29:16-0400 - 16.00 B
2013-10-08 02:29:43.564+0000 INFO  [o.n.k.i.DiagnosticsManager]:     lucene.log.active: 2013-10-07T22:28:51-0400 - 4.00 B
2013-10-08 02:29:43.564+0000 INFO  [o.n.k.i.DiagnosticsManager]:   - Total: 2013-10-07T22:28:51-0400 - 60.00 B
2013-10-08 02:29:43.565+0000 INFO  [o.n.k.i.DiagnosticsManager]:   lock: 2013-10-07T22:28:51-0400 - 0.00 B
2013-10-08 02:29:43.565+0000 INFO  [o.n.k.i.DiagnosticsManager]:   messages.log: 2013-10-07T22:29:43-0400 - 42.78 kB
2013-10-08 02:29:43.565+0000 INFO  [o.n.k.i.DiagnosticsManager]:   neostore: 2013-10-07T22:28:51-0400 - 54.00 B
2013-10-08 02:29:43.565+0000 INFO  [o.n.k.i.DiagnosticsManager]:   neostore.id: 2013-10-07T22:28:51-0400 - 9.00 B
2013-10-08 02:29:43.565+0000 INFO  [o.n.k.i.DiagnosticsManager]:   neostore.nodestore.db: 2013-10-07T22:28:51-0400 - 9.00 B
2013-10-08 02:29:43.565+0000 INFO  [o.n.k.i.DiagnosticsManager]:   neostore.nodestore.db.id: 2013-10-07T22:28:51-0400 - 9.00 B
2013-10-08 02:29:43.566+0000 INFO  [o.n.k.i.DiagnosticsManager]:   neostore.propertystore.db: 2013-10-07T22:28:51-0400 - 0.00 B
2013-10-08 02:29:43.566+0000 INFO  [o.n.k.i.DiagnosticsManager]:   neostore.propertystore.db.arrays: 2013-10-07T22:28:51-0400 - 128.00 B
2013-10-08 02:29:43.566+0000 INFO  [o.n.k.i.DiagnosticsManager]:   neostore.propertystore.db.arrays.id: 2013-10-07T22:28:51-0400 - 9.00 B
2013-10-08 02:29:43.566+0000 INFO  [o.n.k.i.DiagnosticsManager]:   neostore.propertystore.db.id: 2013-10-07T22:28:51-0400 - 9.00 B
2013-10-08 02:29:43.566+0000 INFO  [o.n.k.i.DiagnosticsManager]:   neostore.propertystore.db.index: 2013-10-07T22:28:51-0400 - 0.00 B
2013-10-08 02:29:43.567+0000 INFO  [o.n.k.i.DiagnosticsManager]:   neostore.propertystore.db.index.id: 2013-10-07T22:28:51-0400 - 9.00 B
2013-10-08 02:29:43.567+0000 INFO  [o.n.k.i.DiagnosticsManager]:   neostore.propertystore.db.index.keys: 2013-10-07T22:28:51-0400 - 38.00 B
2013-10-08 02:29:43.567+0000 INFO  [o.n.k.i.DiagnosticsManager]:   neostore.propertystore.db.index.keys.id: 2013-10-07T22:28:51-0400 - 9.00 B
2013-10-08 02:29:43.567+0000 INFO  [o.n.k.i.DiagnosticsManager]:   neostore.propertystore.db.strings: 2013-10-07T22:28:51-0400 - 128.00 B
2013-10-08 02:29:43.567+0000 INFO  [o.n.k.i.DiagnosticsManager]:   neostore.propertystore.db.strings.id: 2013-10-07T22:28:51-0400 - 9.00 B
2013-10-08 02:29:43.568+0000 INFO  [o.n.k.i.DiagnosticsManager]:   neostore.relationshipstore.db: 2013-10-07T22:28:51-0400 - 0.00 B
2013-10-08 02:29:43.568+0000 INFO  [o.n.k.i.DiagnosticsManager]:   neostore.relationshipstore.db.id: 2013-10-07T22:28:51-0400 - 9.00 B
2013-10-08 02:29:43.568+0000 INFO  [o.n.k.i.DiagnosticsManager]:   neostore.relationshiptypestore.db: 2013-10-07T22:28:51-0400 - 0.00 B
2013-10-08 02:29:43.568+0000 INFO  [o.n.k.i.DiagnosticsManager]:   neostore.relationshiptypestore.db.id: 2013-10-07T22:28:51-0400 - 9.00 B
2013-10-08 02:29:43.568+0000 INFO  [o.n.k.i.DiagnosticsManager]:   neostore.relationshiptypestore.db.names: 2013-10-07T22:28:51-0400 - 38.00 B
2013-10-08 02:29:43.568+0000 INFO  [o.n.k.i.DiagnosticsManager]:   neostore.relationshiptypestore.db.names.id: 2013-10-07T22:28:51-0400 - 9.00 B
2013-10-08 02:29:43.569+0000 INFO  [o.n.k.i.DiagnosticsManager]:   nioneo_logical.log.1: 2013-10-07T22:29:16-0400 - 16.00 B
2013-10-08 02:29:43.569+0000 INFO  [o.n.k.i.DiagnosticsManager]:   nioneo_logical.log.active: 2013-10-07T22:28:51-0400 - 4.00 B
2013-10-08 02:29:43.569+0000 INFO  [o.n.k.i.DiagnosticsManager]:   store_lock: 2013-10-07T22:28:50-0400 - 0.00 B
2013-10-08 02:29:43.569+0000 INFO  [o.n.k.i.DiagnosticsManager]:   tm_tx_log.1: 2013-10-07T22:28:51-0400 - 0.00 B
2013-10-08 02:29:43.569+0000 INFO  [o.n.k.i.DiagnosticsManager]: --- STARTED diagnostics for KernelDiagnostics:StoreFiles END ---
2013-10-08 02:29:43.648+0000 INFO  [o.n.k.h.HighlyAvailableGraphDatabase]: Transaction 2 for nioneodb couldn't commit on enough slaves, desired 1, but could only commit at 0
2013-10-08 02:29:43.666+0000 INFO  [o.n.k.h.HighlyAvailableGraphDatabase]: Transaction 3 for nioneodb couldn't commit on enough slaves, desired 1, but could only commit at 0
2013-10-08 02:29:44.028+0000 INFO  [o.n.c.c.NetworkInstance]: cluster://127.0.0.1:5001 opened a new channel to /127.0.0.1:5002
2013-10-08 02:29:44.049+0000 INFO  [o.n.c.c.ClusterJoin]: Member 2 joined cluster but was not part of initial hosts ([localhost:5001, localhost:5002, localhost:5003])
2013-10-08 02:29:44.068+0000 INFO  [o.n.c.p.e.ElectionContext]: Doing elections for role coordinator
2013-10-08 02:29:44.639+0000 INFO  [o.n.k.h.HighlyAvailableGraphDatabase]: GC Monitor: Application threads blocked for an additional 358ms [total block time: 0.358s]
2013-10-08 02:29:44.680+0000 INFO  [o.n.k.i.t.x.XaLogicalLog]: Rotating [/Users/hall/Code/Rails/jruby-ten/db/ha_neo_1/index/lucene.log.1] @ version=0 to /Users/hall/Code/Rails/jruby-ten/db/ha_neo_1/index/lucene.log.2 from position 16
2013-10-08 02:29:44.681+0000 INFO  [o.n.k.i.t.x.XaLogicalLog]: Rotate: old log scanned, newLog @ pos=16
2013-10-08 02:29:44.682+0000 INFO  [o.n.k.i.t.x.XaLogicalLog]: Log rotated, newLog @ pos=16, version 1 and last tx 1
2013-10-08 02:29:44.683+0000 INFO  [o.n.k.i.t.x.XaLogicalLog]: Rotating [/Users/hall/Code/Rails/jruby-ten/db/ha_neo_1/nioneo_logical.log.1] @ version=0 to /Users/hall/Code/Rails/jruby-ten/db/ha_neo_1/nioneo_logical.log.2 from position 369
2013-10-08 02:29:44.684+0000 INFO  [o.n.k.i.t.x.XaLogicalLog]: Rotate: old log scanned, newLog @ pos=16
2013-10-08 02:29:44.685+0000 INFO  [o.n.k.i.t.x.XaLogicalLog]: Log rotated, newLog @ pos=16, version 1 and last tx 3
2013-10-08 02:29:45.474+0000 INFO  [o.n.k.h.c.m.SlaveClient]: SlaveClient communication channel created towards localhost:6002
2013-10-08 02:29:45.484+0000 INFO  [o.n.k.h.c.m.SlaveClient]: Opened a new channel to localhost/127.0.0.1:6002
