2013-10-08 17:43:19.796+0000 INFO  [o.n.k.i.DiagnosticsManager]: --- INITIALIZED diagnostics START ---
2013-10-08 17:43:19.796+0000 INFO  [o.n.k.i.DiagnosticsManager]: Neo4j Kernel properties:
2013-10-08 17:43:19.796+0000 INFO  [o.n.k.i.DiagnosticsManager]: neostore.propertystore.db.mapped_memory=376M
2013-10-08 17:43:19.796+0000 INFO  [o.n.k.i.DiagnosticsManager]: neostore.nodestore.db.mapped_memory=104M
2013-10-08 17:43:19.796+0000 INFO  [o.n.k.i.DiagnosticsManager]: allow_store_upgrade=false
2013-10-08 17:43:19.796+0000 INFO  [o.n.k.i.DiagnosticsManager]: neostore.relationshipstore.db.mapped_memory=460M
2013-10-08 17:43:19.796+0000 INFO  [o.n.k.i.DiagnosticsManager]: neostore.propertystore.db.strings.mapped_memory=319M
2013-10-08 17:43:19.796+0000 INFO  [o.n.k.i.DiagnosticsManager]: store_dir=/Users/hall/Code/Rails/jruby-ten/db/ha_neo_2/temp-copy
2013-10-08 17:43:19.796+0000 INFO  [o.n.k.i.DiagnosticsManager]: keep_logical_logs=true
2013-10-08 17:43:19.796+0000 INFO  [o.n.k.i.DiagnosticsManager]: neostore.propertystore.db.arrays.mapped_memory=362M
2013-10-08 17:43:19.796+0000 INFO  [o.n.k.i.DiagnosticsManager]: ephemeral=false
2013-10-08 17:43:19.796+0000 INFO  [o.n.k.i.DiagnosticsManager]: Diagnostics providers:
2013-10-08 17:43:19.796+0000 INFO  [o.n.k.i.DiagnosticsManager]: org.neo4j.kernel.configuration.Config
2013-10-08 17:43:19.796+0000 INFO  [o.n.k.i.DiagnosticsManager]: org.neo4j.kernel.info.DiagnosticsManager
2013-10-08 17:43:19.796+0000 INFO  [o.n.k.i.DiagnosticsManager]: SYSTEM_MEMORY
2013-10-08 17:43:19.797+0000 INFO  [o.n.k.i.DiagnosticsManager]: JAVA_MEMORY
2013-10-08 17:43:19.797+0000 INFO  [o.n.k.i.DiagnosticsManager]: OPERATING_SYSTEM
2013-10-08 17:43:19.797+0000 INFO  [o.n.k.i.DiagnosticsManager]: JAVA_VIRTUAL_MACHINE
2013-10-08 17:43:19.797+0000 INFO  [o.n.k.i.DiagnosticsManager]: CLASSPATH
2013-10-08 17:43:19.797+0000 INFO  [o.n.k.i.DiagnosticsManager]: LIBRARY_PATH
2013-10-08 17:43:19.797+0000 INFO  [o.n.k.i.DiagnosticsManager]: SYSTEM_PROPERTIES
2013-10-08 17:43:19.797+0000 INFO  [o.n.k.i.DiagnosticsManager]: NETWORK
2013-10-08 17:43:19.797+0000 INFO  [o.n.k.i.DiagnosticsManager]: NodeCache
2013-10-08 17:43:19.797+0000 INFO  [o.n.k.i.DiagnosticsManager]: RelationshipCache
2013-10-08 17:43:19.797+0000 INFO  [o.n.k.i.DiagnosticsManager]: System memory information:
2013-10-08 17:43:19.798+0000 INFO  [o.n.k.i.DiagnosticsManager]: Total Physical memory: 4.00 GB
2013-10-08 17:43:19.798+0000 INFO  [o.n.k.i.DiagnosticsManager]: Free Physical memory: 24.59 MB
2013-10-08 17:43:19.798+0000 INFO  [o.n.k.i.DiagnosticsManager]: Committed virtual memory: 3.12 GB
2013-10-08 17:43:19.798+0000 INFO  [o.n.k.i.DiagnosticsManager]: Total swap space: 1.00 GB
2013-10-08 17:43:19.799+0000 INFO  [o.n.k.i.DiagnosticsManager]: Free swap space: 1.00 GB
2013-10-08 17:43:19.799+0000 INFO  [o.n.k.i.DiagnosticsManager]: JVM memory information:
2013-10-08 17:43:19.799+0000 INFO  [o.n.k.i.DiagnosticsManager]: Free  memory: 33.13 MB
2013-10-08 17:43:19.800+0000 INFO  [o.n.k.i.DiagnosticsManager]: Total memory: 111.96 MB
2013-10-08 17:43:19.800+0000 INFO  [o.n.k.i.DiagnosticsManager]: Max   memory: 483.38 MB
2013-10-08 17:43:19.800+0000 INFO  [o.n.k.i.DiagnosticsManager]: Garbage Collector: Copy: [Eden Space, Survivor Space]
2013-10-08 17:43:19.800+0000 INFO  [o.n.k.i.DiagnosticsManager]: Garbage Collector: MarkSweepCompact: [Eden Space, Survivor Space, Tenured Gen, Perm Gen]
2013-10-08 17:43:19.800+0000 INFO  [o.n.k.i.DiagnosticsManager]: Memory Pool: Code Cache (Non-heap memory): committed=10.31 MB, used=10.26 MB, max=96.00 MB, threshold=0.00 B
2013-10-08 17:43:19.800+0000 INFO  [o.n.k.i.DiagnosticsManager]: Memory Pool: Eden Space (Heap memory): committed=31.00 MB, used=29.36 MB, max=133.38 MB, threshold=?
2013-10-08 17:43:19.801+0000 INFO  [o.n.k.i.DiagnosticsManager]: Memory Pool: Survivor Space (Heap memory): committed=3.81 MB, used=3.18 MB, max=16.63 MB, threshold=?
2013-10-08 17:43:19.801+0000 INFO  [o.n.k.i.DiagnosticsManager]: Memory Pool: Tenured Gen (Heap memory): committed=77.15 MB, used=46.29 MB, max=333.38 MB, threshold=0.00 B
2013-10-08 17:43:19.802+0000 INFO  [o.n.k.i.DiagnosticsManager]: Memory Pool: Perm Gen (Non-heap memory): committed=42.00 MB, used=41.70 MB, max=82.00 MB, threshold=0.00 B
2013-10-08 17:43:19.802+0000 INFO  [o.n.k.i.DiagnosticsManager]: Operating system information:
2013-10-08 17:43:19.802+0000 INFO  [o.n.k.i.DiagnosticsManager]: Operating System: Mac OS X; version: 10.9; arch: x86_64; cpus: 4
2013-10-08 17:43:19.802+0000 INFO  [o.n.k.i.DiagnosticsManager]: Max number of file descriptors: 10240
2013-10-08 17:43:19.802+0000 INFO  [o.n.k.i.DiagnosticsManager]: Number of open file descriptors: 128
2013-10-08 17:43:19.802+0000 INFO  [o.n.k.i.DiagnosticsManager]: Process id: 8434@air-ekh
2013-10-08 17:43:19.802+0000 INFO  [o.n.k.i.DiagnosticsManager]: Byte order: LITTLE_ENDIAN
2013-10-08 17:43:19.802+0000 INFO  [o.n.k.i.DiagnosticsManager]: Local timezone: America/New_York
2013-10-08 17:43:19.802+0000 INFO  [o.n.k.i.DiagnosticsManager]: JVM information:
2013-10-08 17:43:19.802+0000 INFO  [o.n.k.i.DiagnosticsManager]: VM Name: Java HotSpot(TM) 64-Bit Server VM
2013-10-08 17:43:19.803+0000 INFO  [o.n.k.i.DiagnosticsManager]: VM Vendor: Oracle Corporation
2013-10-08 17:43:19.803+0000 INFO  [o.n.k.i.DiagnosticsManager]: VM Version: 23.7-b01
2013-10-08 17:43:19.803+0000 INFO  [o.n.k.i.DiagnosticsManager]: JIT compiler: HotSpot 64-Bit Tiered Compilers
2013-10-08 17:43:19.803+0000 INFO  [o.n.k.i.DiagnosticsManager]: VM Arguments: [-Djdk.home=, -Djruby.home=/Users/hall/.rvm/rubies/jruby-1.7.4, -Djruby.script=jruby, -Djruby.shell=/bin/sh, -Djffi.boot.library.path=/Users/hall/.rvm/rubies/jruby-1.7.4/lib/native:/Users/hall/.rvm/rubies/jruby-1.7.4/lib/native/Darwin, -Xmx500m, -Xss2048k, -Xbootclasspath/a:/Users/hall/.rvm/rubies/jruby-1.7.4/lib/jruby.jar, -Dfile.encoding=UTF-8, -XX:+TieredCompilation, -XX:TieredStopAtLevel=1, -Xverify:none]
2013-10-08 17:43:19.803+0000 INFO  [o.n.k.i.DiagnosticsManager]: Java classpath:
2013-10-08 17:43:19.806+0000 INFO  [o.n.k.i.DiagnosticsManager]:  [loader.0] file:/Users/hall/.rvm/gems/jruby-1.7.4/gems/neo4j-community-1.9.2-java/lib/neo4j-community/jars/geronimo-jta_1.1_spec-1.1.1.jar
2013-10-08 17:43:19.806+0000 INFO  [o.n.k.i.DiagnosticsManager]:  [loader.2] file:/System/Library/Java/Extensions/dns_sd.jar
2013-10-08 17:43:19.806+0000 INFO  [o.n.k.i.DiagnosticsManager]:  [bootstrap] /Library/Java/JavaVirtualMachines/jdk1.7.0_13.jdk/Contents/Home/jre/lib/charsets.jar
2013-10-08 17:43:19.806+0000 INFO  [o.n.k.i.DiagnosticsManager]:  [loader.2] file:/Library/Java/JavaVirtualMachines/jdk1.7.0_13.jdk/Contents/Home/jre/lib/ext/sunjce_provider.jar
2013-10-08 17:43:19.806+0000 INFO  [o.n.k.i.DiagnosticsManager]:  [bootstrap] /Library/Java/JavaVirtualMachines/jdk1.7.0_13.jdk/Contents/Home/jre/lib/rt.jar
2013-10-08 17:43:19.806+0000 INFO  [o.n.k.i.DiagnosticsManager]:  [loader.0] file:/Users/hall/.rvm/gems/jruby-1.7.4/gems/neo4j-community-1.9.2-java/lib/neo4j-community/jars/scala-library-2.10.0.jar
2013-10-08 17:43:19.806+0000 INFO  [o.n.k.i.DiagnosticsManager]:  [loader.0] file:/Users/hall/.rvm/gems/jruby-1.7.4/gems/json-1.8.0-java/lib/json/ext/parser.jar
2013-10-08 17:43:19.806+0000 INFO  [o.n.k.i.DiagnosticsManager]:  [loader.2] file:/System/Library/Java/Extensions/MRJToolkit.jar
2013-10-08 17:43:19.806+0000 INFO  [o.n.k.i.DiagnosticsManager]:  [loader.2] file:/System/Library/Java/Extensions/vecmath.jar
2013-10-08 17:43:19.806+0000 INFO  [o.n.k.i.DiagnosticsManager]:  [loader.2] file:/System/Library/Java/Extensions/libmlib_jai.jnilib
2013-10-08 17:43:19.806+0000 INFO  [o.n.k.i.DiagnosticsManager]:  [loader.2] file:/Library/Java/JavaVirtualMachines/jdk1.7.0_13.jdk/Contents/Home/jre/lib/ext/localedata.jar
2013-10-08 17:43:19.806+0000 INFO  [o.n.k.i.DiagnosticsManager]:  [bootstrap] /Library/Java/JavaVirtualMachines/jdk1.7.0_13.jdk/Contents/Home/jre/lib/JObjC.jar
2013-10-08 17:43:19.806+0000 INFO  [o.n.k.i.DiagnosticsManager]:  [loader.0] file:/Users/hall/.rvm/rubies/jruby-1.7.4/lib/ruby/shared/jopenssl.jar
2013-10-08 17:43:19.806+0000 INFO  [o.n.k.i.DiagnosticsManager]:  [loader.0] file:/Users/hall/.rvm/gems/jruby-1.7.4/gems/neo4j-enterprise-1.9.2-java/lib/neo4j-enterprise/jars/server-api-1.9.2.jar
2013-10-08 17:43:19.806+0000 INFO  [o.n.k.i.DiagnosticsManager]:  [loader.0] file:/Users/hall/.rvm/gems/jruby-1.7.4/gems/neo4j-community-1.9.2-java/lib/neo4j-community/jars/neo4j-lucene-index-1.9.2.jar
2013-10-08 17:43:19.806+0000 INFO  [o.n.k.i.DiagnosticsManager]:  [loader.0] file:/Users/hall/.rvm/gems/jruby-1.7.4/gems/neo4j-enterprise-1.9.2-java/lib/neo4j-enterprise/jars/logback-access-0.9.30.jar
2013-10-08 17:43:19.806+0000 INFO  [o.n.k.i.DiagnosticsManager]:  [loader.0] file:/Users/hall/.rvm/gems/jruby-1.7.4/gems/neo4j-core-2.3.0-java/lib/neo4j-core/jars/neo4jrb-adaptor.jar
2013-10-08 17:43:19.806+0000 INFO  [o.n.k.i.DiagnosticsManager]:  [loader.2] file:/System/Library/Java/Extensions/libJ3D.jnilib
2013-10-08 17:43:19.806+0000 INFO  [o.n.k.i.DiagnosticsManager]:  [loader.2] file:/System/Library/Java/Extensions/mlibwrapper_jai.jar
2013-10-08 17:43:19.806+0000 INFO  [o.n.k.i.DiagnosticsManager]:  [loader.0] file:/Users/hall/.rvm/gems/jruby-1.7.4/gems/neo4j-community-1.9.2-java/lib/neo4j-community/jars/neo4j-shell-1.9.2.jar
2013-10-08 17:43:19.806+0000 INFO  [o.n.k.i.DiagnosticsManager]:  [loader.0] file:/Users/hall/.rvm/gems/jruby-1.7.4/gems/neo4j-enterprise-1.9.2-java/lib/neo4j-enterprise/jars/netty-3.6.3.Final.jar
2013-10-08 17:43:19.806+0000 INFO  [o.n.k.i.DiagnosticsManager]:  [loader.0] file:/Users/hall/.rvm/gems/jruby-1.7.4/gems/neo4j-community-1.9.2-java/lib/neo4j-community/jars/neo4j-jmx-1.9.2.jar
2013-10-08 17:43:19.806+0000 INFO  [o.n.k.i.DiagnosticsManager]:  [loader.2] file:/System/Library/Java/Extensions/QTJava.zip
2013-10-08 17:43:19.806+0000 INFO  [o.n.k.i.DiagnosticsManager]:  [loader.0] file:/Users/hall/.rvm/gems/jruby-1.7.4/gems/neo4j-community-1.9.2-java/lib/neo4j-community/jars/neo4j-graph-matching-1.9.2.jar
2013-10-08 17:43:19.806+0000 INFO  [o.n.k.i.DiagnosticsManager]:  [loader.0] file:/Users/hall/.rvm/gems/jruby-1.7.4/gems/json-1.8.0-java/lib/json/ext/generator.jar
2013-10-08 17:43:19.806+0000 INFO  [o.n.k.i.DiagnosticsManager]:  [loader.0] file:/Users/hall/.rvm/gems/jruby-1.7.4/gems/neo4j-enterprise-1.9.2-java/lib/neo4j-enterprise/jars/neo4j-com-1.9.2.jar
2013-10-08 17:43:19.806+0000 INFO  [o.n.k.i.DiagnosticsManager]:  [loader.0] file:/Users/hall/.rvm/rubies/jruby-1.7.4/lib/ruby/shared/kryptcore.jar
2013-10-08 17:43:19.806+0000 INFO  [o.n.k.i.DiagnosticsManager]:  [loader.0] file:/Users/hall/.rvm/gems/jruby-1.7.4/gems/neo4j-enterprise-1.9.2-java/lib/neo4j-enterprise/jars/slf4j-api-1.6.2.jar
2013-10-08 17:43:19.806+0000 INFO  [o.n.k.i.DiagnosticsManager]:  [loader.0] file:/Users/hall/.rvm/gems/jruby-1.7.4/gems/neo4j-enterprise-1.9.2-java/lib/neo4j-enterprise/jars/logback-core-0.9.30.jar
2013-10-08 17:43:19.806+0000 INFO  [o.n.k.i.DiagnosticsManager]:  [loader.0] file:/Users/hall/.rvm/rubies/jruby-1.7.4/lib/ruby/shared/kryptproviderjdk.jar
2013-10-08 17:43:19.806+0000 INFO  [o.n.k.i.DiagnosticsManager]:  [loader.2] file:/System/Library/Java/Extensions/libJ3DAudio.jnilib
2013-10-08 17:43:19.806+0000 INFO  [o.n.k.i.DiagnosticsManager]:  [loader.2] file:/System/Library/Java/Extensions/libAppleScriptEngine.jnilib
2013-10-08 17:43:19.806+0000 INFO  [o.n.k.i.DiagnosticsManager]:  [bootstrap] /Library/Java/JavaVirtualMachines/jdk1.7.0_13.jdk/Contents/Home/jre/lib/jsse.jar
2013-10-08 17:43:19.806+0000 INFO  [o.n.k.i.DiagnosticsManager]:  [loader.2] file:/System/Library/Java/Extensions/j3daudio.jar
2013-10-08 17:43:19.806+0000 INFO  [o.n.k.i.DiagnosticsManager]:  [loader.2] file:/System/Library/Java/Extensions/libJ3DUtils.jnilib
2013-10-08 17:43:19.806+0000 INFO  [o.n.k.i.DiagnosticsManager]:  [loader.2] file:/Library/Java/JavaVirtualMachines/jdk1.7.0_13.jdk/Contents/Home/jre/lib/ext/sunec.jar
2013-10-08 17:43:19.807+0000 INFO  [o.n.k.i.DiagnosticsManager]:  [loader.2] file:/System/Library/Java/Extensions/libQTJNative.jnilib
2013-10-08 17:43:19.807+0000 INFO  [o.n.k.i.DiagnosticsManager]:  [loader.2] file:/System/Library/Java/Extensions/j3dcore.jar
2013-10-08 17:43:19.807+0000 INFO  [o.n.k.i.DiagnosticsManager]:  [classpath + loader.1] file:/Users/hall/Code/Rails/jruby-ten/
2013-10-08 17:43:19.807+0000 INFO  [o.n.k.i.DiagnosticsManager]:  [bootstrap] /Library/Java/JavaVirtualMachines/jdk1.7.0_13.jdk/Contents/Home/jre/lib/sunrsasign.jar
2013-10-08 17:43:19.807+0000 INFO  [o.n.k.i.DiagnosticsManager]:  [loader.0] file:/Users/hall/.rvm/gems/jruby-1.7.4/gems/neo4j-enterprise-1.9.2-java/lib/neo4j-enterprise/jars/neo4j-cluster-1.9.2.jar
2013-10-08 17:43:19.807+0000 INFO  [o.n.k.i.DiagnosticsManager]:  [loader.2] file:/usr/lib/java/libjdns_sd.jnilib
2013-10-08 17:43:19.807+0000 INFO  [o.n.k.i.DiagnosticsManager]:  [loader.0] file:/Users/hall/.rvm/rubies/jruby-1.7.4/lib/ruby/shared/bcprov-jdk15on-147.jar
2013-10-08 17:43:19.807+0000 INFO  [o.n.k.i.DiagnosticsManager]:  [loader.0] file:/Users/hall/.rvm/gems/jruby-1.7.4/gems/neo4j-enterprise-1.9.2-java/lib/neo4j-enterprise/jars/neo4j-backup-1.9.2.jar
2013-10-08 17:43:19.807+0000 INFO  [o.n.k.i.DiagnosticsManager]:  [loader.0] file:/Users/hall/.rvm/gems/jruby-1.7.4/gems/neo4j-community-1.9.2-java/lib/neo4j-community/jars/neo4j-graph-algo-1.9.2.jar
2013-10-08 17:43:19.807+0000 INFO  [o.n.k.i.DiagnosticsManager]:  [loader.0] file:/Users/hall/.rvm/gems/jruby-1.7.4/gems/neo4j-enterprise-1.9.2-java/lib/neo4j-enterprise/jars/zookeeper-3.3.2.jar
2013-10-08 17:43:19.807+0000 INFO  [o.n.k.i.DiagnosticsManager]:  [loader.2] file:/System/Library/Java/Extensions/j3dutils.jar
2013-10-08 17:43:19.807+0000 INFO  [o.n.k.i.DiagnosticsManager]:  [loader.0] file:/Users/hall/.rvm/gems/jruby-1.7.4/gems/neo4j-community-1.9.2-java/lib/neo4j-community/jars/concurrentlinkedhashmap-lru-1.3.1.jar
2013-10-08 17:43:19.807+0000 INFO  [o.n.k.i.DiagnosticsManager]:  [loader.0] file:/Users/hall/.rvm/gems/jruby-1.7.4/gems/neo4j-community-1.9.2-java/lib/neo4j-community/jars/neo4j-kernel-1.9.2.jar
2013-10-08 17:43:19.807+0000 INFO  [o.n.k.i.DiagnosticsManager]:  [loader.2] file:/System/Library/Java/Extensions/jai_core.jar
2013-10-08 17:43:19.807+0000 INFO  [o.n.k.i.DiagnosticsManager]:  [loader.0] file:/Users/hall/.rvm/gems/jruby-1.7.4/gems/therubyrhino_jar-1.7.4/jar/rhino-1.7R4.jar
2013-10-08 17:43:19.807+0000 INFO  [o.n.k.i.DiagnosticsManager]:  [loader.2] file:/System/Library/Java/Extensions/jai_codec.jar
2013-10-08 17:43:19.807+0000 INFO  [o.n.k.i.DiagnosticsManager]:  [loader.2] file:/Library/Java/JavaVirtualMachines/jdk1.7.0_13.jdk/Contents/Home/jre/lib/ext/dnsns.jar
2013-10-08 17:43:19.807+0000 INFO  [o.n.k.i.DiagnosticsManager]:  [bootstrap] /Library/Java/JavaVirtualMachines/jdk1.7.0_13.jdk/Contents/Home/jre/lib/jfr.jar
2013-10-08 17:43:19.807+0000 INFO  [o.n.k.i.DiagnosticsManager]:  [bootstrap] /Library/Java/JavaVirtualMachines/jdk1.7.0_13.jdk/Contents/Home/jre/lib/jce.jar
2013-10-08 17:43:19.807+0000 INFO  [o.n.k.i.DiagnosticsManager]:  [loader.0] file:/Users/hall/.rvm/gems/jruby-1.7.4/gems/neo4j-enterprise-1.9.2-java/lib/neo4j-enterprise/jars/log4j-1.2.16.jar
2013-10-08 17:43:19.807+0000 INFO  [o.n.k.i.DiagnosticsManager]:  [loader.0] file:/Users/hall/.rvm/gems/jruby-1.7.4/gems/neo4j-community-1.9.2-java/lib/neo4j-community/jars/neo4j-cypher-1.9.2.jar
2013-10-08 17:43:19.807+0000 INFO  [o.n.k.i.DiagnosticsManager]:  [bootstrap] /Library/Java/JavaVirtualMachines/jdk1.7.0_13.jdk/Contents/Home/jre/lib/resources.jar
2013-10-08 17:43:19.807+0000 INFO  [o.n.k.i.DiagnosticsManager]:  [loader.0] file:/Users/hall/.rvm/gems/jruby-1.7.4/gems/neo4j-enterprise-1.9.2-java/lib/neo4j-enterprise/jars/logback-classic-0.9.30.jar
2013-10-08 17:43:19.807+0000 INFO  [o.n.k.i.DiagnosticsManager]:  [loader.0] file:/Users/hall/.rvm/gems/jruby-1.7.4/gems/neo4j-community-1.9.2-java/lib/neo4j-community/jars/lucene-core-3.6.2.jar
2013-10-08 17:43:19.807+0000 INFO  [o.n.k.i.DiagnosticsManager]:  [loader.0] file:/Users/hall/.rvm/gems/jruby-1.7.4/gems/neo4j-enterprise-1.9.2-java/lib/neo4j-enterprise/jars/neo4j-udc-1.9.2.jar
2013-10-08 17:43:19.807+0000 INFO  [o.n.k.i.DiagnosticsManager]:  [loader.2] file:/Library/Java/JavaVirtualMachines/jdk1.7.0_13.jdk/Contents/Home/jre/lib/ext/sunpkcs11.jar
2013-10-08 17:43:19.807+0000 INFO  [o.n.k.i.DiagnosticsManager]:  [loader.0] file:/Users/hall/.rvm/gems/jruby-1.7.4/gems/neo4j-advanced-1.9.2-java/lib/neo4j-advanced/jars/neo4j-management-1.9.2.jar
2013-10-08 17:43:19.807+0000 INFO  [o.n.k.i.DiagnosticsManager]:  [bootstrap] /Library/Java/JavaVirtualMachines/jdk1.7.0_13.jdk/Contents/Home/jre/classes
2013-10-08 17:43:19.808+0000 INFO  [o.n.k.i.DiagnosticsManager]:  [loader.0] file:/Users/hall/.rvm/gems/jruby-1.7.4/gems/neo4j-community-1.9.2-java/lib/neo4j-community/jars/server-api-1.9.2.jar
2013-10-08 17:43:19.808+0000 INFO  [o.n.k.i.DiagnosticsManager]:  [loader.0] file:/Users/hall/.rvm/gems/jruby-1.7.4/gems/neo4j-community-1.9.2-java/lib/neo4j-community/jars/neo4j-udc-1.9.2.jar
2013-10-08 17:43:19.808+0000 INFO  [o.n.k.i.DiagnosticsManager]:  [loader.0] file:/Users/hall/.rvm/rubies/jruby-1.7.4/lib/ruby/shared/bcpkix-jdk15on-147.jar
2013-10-08 17:43:19.808+0000 INFO  [o.n.k.i.DiagnosticsManager]:  [loader.0] file:/Users/hall/.rvm/gems/jruby-1.7.4/gems/neo4j-community-1.9.2-java/lib/neo4j-community/jars/org.apache.servicemix.bundles.jline-0.9.94_1.jar
2013-10-08 17:43:19.808+0000 INFO  [o.n.k.i.DiagnosticsManager]:  [loader.0] file:/Users/hall/.rvm/gems/jruby-1.7.4/gems/neo4j-enterprise-1.9.2-java/lib/neo4j-enterprise/jars/neo4j-ha-1.9.2.jar
2013-10-08 17:43:19.808+0000 INFO  [o.n.k.i.DiagnosticsManager]:  [loader.2] file:/System/Library/Java/Extensions/AppleScriptEngine.jar
2013-10-08 17:43:19.808+0000 INFO  [o.n.k.i.DiagnosticsManager]:  [loader.0] file:/Users/hall/.rvm/gems/jruby-1.7.4/gems/neo4j-enterprise-1.9.2-java/lib/neo4j-enterprise/jars/neo4j-consistency-check-1.9.2.jar
2013-10-08 17:43:19.808+0000 INFO  [o.n.k.i.DiagnosticsManager]:  [bootstrap] /Users/hall/.rvm/rubies/jruby-1.7.4/lib/jruby.jar
2013-10-08 17:43:19.808+0000 INFO  [o.n.k.i.DiagnosticsManager]:  [loader.0] file:/Users/hall/.rvm/gems/jruby-1.7.4/gems/puma-2.6.0-java/lib/puma/puma_http11.jar
2013-10-08 17:43:19.808+0000 INFO  [o.n.k.i.DiagnosticsManager]:  [loader.2] file:/Library/Java/JavaVirtualMachines/jdk1.7.0_13.jdk/Contents/Home/jre/lib/ext/zipfs.jar
2013-10-08 17:43:19.808+0000 INFO  [o.n.k.i.DiagnosticsManager]: Library path:
2013-10-08 17:43:19.808+0000 INFO  [o.n.k.i.DiagnosticsManager]: /Users/hall/Library/Java/Extensions
2013-10-08 17:43:19.808+0000 INFO  [o.n.k.i.DiagnosticsManager]: /Library/Java/Extensions
2013-10-08 17:43:19.808+0000 INFO  [o.n.k.i.DiagnosticsManager]: /Network/Library/Java/Extensions
2013-10-08 17:43:19.808+0000 INFO  [o.n.k.i.DiagnosticsManager]: /System/Library/Java/Extensions
2013-10-08 17:43:19.808+0000 INFO  [o.n.k.i.DiagnosticsManager]: /usr/lib/java
2013-10-08 17:43:19.808+0000 INFO  [o.n.k.i.DiagnosticsManager]: /Users/hall/Code/Rails/jruby-ten
2013-10-08 17:43:19.808+0000 INFO  [o.n.k.i.DiagnosticsManager]: System.properties:
2013-10-08 17:43:19.809+0000 INFO  [o.n.k.i.DiagnosticsManager]: jruby.home = /Users/hall/.rvm/rubies/jruby-1.7.4
2013-10-08 17:43:19.809+0000 INFO  [o.n.k.i.DiagnosticsManager]: sun.boot.library.path = /Library/Java/JavaVirtualMachines/jdk1.7.0_13.jdk/Contents/Home/jre/lib
2013-10-08 17:43:19.809+0000 INFO  [o.n.k.i.DiagnosticsManager]: gopherProxySet = false
2013-10-08 17:43:19.809+0000 INFO  [o.n.k.i.DiagnosticsManager]: path.separator = :
2013-10-08 17:43:19.809+0000 INFO  [o.n.k.i.DiagnosticsManager]: file.encoding.pkg = sun.io
2013-10-08 17:43:19.809+0000 INFO  [o.n.k.i.DiagnosticsManager]: user.country = US
2013-10-08 17:43:19.809+0000 INFO  [o.n.k.i.DiagnosticsManager]: sun.java.launcher = SUN_STANDARD
2013-10-08 17:43:19.809+0000 INFO  [o.n.k.i.DiagnosticsManager]: sun.os.patch.level = unknown
2013-10-08 17:43:19.809+0000 INFO  [o.n.k.i.DiagnosticsManager]: user.dir = /Users/hall/Code/Rails/jruby-ten
2013-10-08 17:43:19.809+0000 INFO  [o.n.k.i.DiagnosticsManager]: neo4j.ext.udc.source = neo4rb
2013-10-08 17:43:19.809+0000 INFO  [o.n.k.i.DiagnosticsManager]: jdk.home = 
2013-10-08 17:43:19.809+0000 INFO  [o.n.k.i.DiagnosticsManager]: sun.jnu.encoding = UTF-8
2013-10-08 17:43:19.809+0000 INFO  [o.n.k.i.DiagnosticsManager]: sun.nio.ch.bugLevel = 
2013-10-08 17:43:19.809+0000 INFO  [o.n.k.i.DiagnosticsManager]: sun.management.compiler = HotSpot 64-Bit Tiered Compilers
2013-10-08 17:43:19.809+0000 INFO  [o.n.k.i.DiagnosticsManager]: http.nonProxyHosts = local|*.local|169.254/16|*.169.254/16
2013-10-08 17:43:19.809+0000 INFO  [o.n.k.i.DiagnosticsManager]: jffi.boot.library.path = /Users/hall/.rvm/rubies/jruby-1.7.4/lib/native:/Users/hall/.rvm/rubies/jruby-1.7.4/lib/native/Darwin
2013-10-08 17:43:19.809+0000 INFO  [o.n.k.i.DiagnosticsManager]: user.home = /Users/hall
2013-10-08 17:43:19.809+0000 INFO  [o.n.k.i.DiagnosticsManager]: user.timezone = America/New_York
2013-10-08 17:43:19.809+0000 INFO  [o.n.k.i.DiagnosticsManager]: file.encoding = UTF-8
2013-10-08 17:43:19.809+0000 INFO  [o.n.k.i.DiagnosticsManager]: jruby.script = jruby
2013-10-08 17:43:19.809+0000 INFO  [o.n.k.i.DiagnosticsManager]: user.name = hall
2013-10-08 17:43:19.809+0000 INFO  [o.n.k.i.DiagnosticsManager]: jruby.shell = /bin/sh
2013-10-08 17:43:19.809+0000 INFO  [o.n.k.i.DiagnosticsManager]: sun.java.command = org/jruby/Main script/rails c
2013-10-08 17:43:19.809+0000 INFO  [o.n.k.i.DiagnosticsManager]: sun.arch.data.model = 64
2013-10-08 17:43:19.809+0000 INFO  [o.n.k.i.DiagnosticsManager]: user.language = en
2013-10-08 17:43:19.809+0000 INFO  [o.n.k.i.DiagnosticsManager]: awt.toolkit = sun.lwawt.macosx.LWCToolkit
2013-10-08 17:43:19.809+0000 INFO  [o.n.k.i.DiagnosticsManager]: file.separator = /
2013-10-08 17:43:19.809+0000 INFO  [o.n.k.i.DiagnosticsManager]: sun.io.unicode.encoding = UnicodeBig
2013-10-08 17:43:19.809+0000 INFO  [o.n.k.i.DiagnosticsManager]: sun.cpu.endian = little
2013-10-08 17:43:19.809+0000 INFO  [o.n.k.i.DiagnosticsManager]: socksNonProxyHosts = local|*.local|169.254/16|*.169.254/16
2013-10-08 17:43:19.809+0000 INFO  [o.n.k.i.DiagnosticsManager]: ftp.nonProxyHosts = local|*.local|169.254/16|*.169.254/16
2013-10-08 17:43:19.810+0000 INFO  [o.n.k.i.DiagnosticsManager]: sun.cpu.isalist = 
2013-10-08 17:43:19.810+0000 INFO  [o.n.k.i.DiagnosticsManager]: Network information:
2013-10-08 17:43:19.810+0000 INFO  [o.n.k.i.DiagnosticsManager]: Interface utun0:
2013-10-08 17:43:19.810+0000 INFO  [o.n.k.i.DiagnosticsManager]:     address: fd95:8897:c35d:99b3:a195:b0bd:2267:aaca
2013-10-08 17:43:19.810+0000 INFO  [o.n.k.i.DiagnosticsManager]:     address: fe80:0:0:0:a195:b0bd:2267:aaca%8
2013-10-08 17:43:19.810+0000 INFO  [o.n.k.i.DiagnosticsManager]: Interface en0:
2013-10-08 17:43:19.810+0000 INFO  [o.n.k.i.DiagnosticsManager]:     address: fe80:0:0:0:ba8d:12ff:fe04:dfc8%4
2013-10-08 17:43:19.810+0000 INFO  [o.n.k.i.DiagnosticsManager]:     address: 172.26.178.193
2013-10-08 17:43:19.810+0000 INFO  [o.n.k.i.DiagnosticsManager]: Interface lo0:
2013-10-08 17:43:19.810+0000 INFO  [o.n.k.i.DiagnosticsManager]:     address: fe80:0:0:0:0:0:0:1%1
2013-10-08 17:43:19.810+0000 INFO  [o.n.k.i.DiagnosticsManager]:     address: 0:0:0:0:0:0:0:1
2013-10-08 17:43:19.810+0000 INFO  [o.n.k.i.DiagnosticsManager]:     address: 127.0.0.1
2013-10-08 17:43:19.810+0000 INFO  [o.n.k.i.DiagnosticsManager]: --- INITIALIZED diagnostics END ---
2013-10-08 17:43:19.851+0000 INFO  [o.n.k.i.n.s.StoreFactory]: /Users/hall/Code/Rails/jruby-ten/db/ha_neo_2/temp-copy/neostore.relationshiptypestore.db.names non clean shutdown detected
2013-10-08 17:43:19.851+0000 INFO  [o.n.k.i.n.s.StoreFactory]: [/Users/hall/Code/Rails/jruby-ten/db/ha_neo_2/temp-copy/neostore.relationshiptypestore.db.names] brickCount=0 brickSize=0b mappedMem=0b (storeSize=76b)
2013-10-08 17:43:19.851+0000 INFO  [o.n.k.i.n.s.StoreFactory]: /Users/hall/Code/Rails/jruby-ten/db/ha_neo_2/temp-copy/neostore.relationshiptypestore.db non clean shutdown detected
2013-10-08 17:43:19.851+0000 INFO  [o.n.k.i.n.s.StoreFactory]: [/Users/hall/Code/Rails/jruby-ten/db/ha_neo_2/temp-copy/neostore.relationshiptypestore.db] brickCount=0 brickSize=0b mappedMem=0b (storeSize=5b)
2013-10-08 17:43:19.852+0000 INFO  [o.n.k.i.n.s.StoreFactory]: /Users/hall/Code/Rails/jruby-ten/db/ha_neo_2/temp-copy/neostore.propertystore.db.strings non clean shutdown detected
2013-10-08 17:43:19.852+0000 INFO  [o.n.k.i.n.s.StoreFactory]: [/Users/hall/Code/Rails/jruby-ten/db/ha_neo_2/temp-copy/neostore.propertystore.db.strings] brickCount=0 brickSize=334464b mappedMem=334495744b (storeSize=128b)
2013-10-08 17:43:19.852+0000 INFO  [o.n.k.i.n.s.StoreFactory]: /Users/hall/Code/Rails/jruby-ten/db/ha_neo_2/temp-copy/neostore.propertystore.db.index.keys non clean shutdown detected
2013-10-08 17:43:19.852+0000 INFO  [o.n.k.i.n.s.StoreFactory]: [/Users/hall/Code/Rails/jruby-ten/db/ha_neo_2/temp-copy/neostore.propertystore.db.index.keys] brickCount=0 brickSize=0b mappedMem=0b (storeSize=38b)
2013-10-08 17:43:19.852+0000 INFO  [o.n.k.i.n.s.StoreFactory]: /Users/hall/Code/Rails/jruby-ten/db/ha_neo_2/temp-copy/neostore.propertystore.db.index non clean shutdown detected
2013-10-08 17:43:19.852+0000 INFO  [o.n.k.i.n.s.StoreFactory]: [/Users/hall/Code/Rails/jruby-ten/db/ha_neo_2/temp-copy/neostore.propertystore.db.index] brickCount=0 brickSize=0b mappedMem=0b (storeSize=0b)
2013-10-08 17:43:19.853+0000 INFO  [o.n.k.i.n.s.StoreFactory]: /Users/hall/Code/Rails/jruby-ten/db/ha_neo_2/temp-copy/neostore.propertystore.db.arrays non clean shutdown detected
2013-10-08 17:43:19.853+0000 INFO  [o.n.k.i.n.s.StoreFactory]: [/Users/hall/Code/Rails/jruby-ten/db/ha_neo_2/temp-copy/neostore.propertystore.db.arrays] brickCount=0 brickSize=379520b mappedMem=379584512b (storeSize=128b)
2013-10-08 17:43:19.857+0000 INFO  [o.n.k.i.n.s.StoreFactory]: /Users/hall/Code/Rails/jruby-ten/db/ha_neo_2/temp-copy/neostore.propertystore.db non clean shutdown detected
2013-10-08 17:43:19.857+0000 INFO  [o.n.k.i.n.s.StoreFactory]: [/Users/hall/Code/Rails/jruby-ten/db/ha_neo_2/temp-copy/neostore.propertystore.db] brickCount=0 brickSize=3942642b mappedMem=394264576b (storeSize=0b)
2013-10-08 17:43:19.857+0000 INFO  [o.n.k.i.n.s.StoreFactory]: /Users/hall/Code/Rails/jruby-ten/db/ha_neo_2/temp-copy/neostore.relationshipstore.db non clean shutdown detected
2013-10-08 17:43:19.857+0000 INFO  [o.n.k.i.n.s.StoreFactory]: [/Users/hall/Code/Rails/jruby-ten/db/ha_neo_2/temp-copy/neostore.relationshipstore.db] brickCount=10 brickSize=482328b mappedMem=482344960b (storeSize=4823445b)
2013-10-08 17:43:19.857+0000 INFO  [o.n.k.i.n.s.StoreFactory]: /Users/hall/Code/Rails/jruby-ten/db/ha_neo_2/temp-copy/neostore.nodestore.db non clean shutdown detected
2013-10-08 17:43:19.858+0000 INFO  [o.n.k.i.n.s.StoreFactory]: [/Users/hall/Code/Rails/jruby-ten/db/ha_neo_2/temp-copy/neostore.nodestore.db] brickCount=1 brickSize=109044b mappedMem=109051904b (storeSize=109044b)
2013-10-08 17:43:19.858+0000 INFO  [o.n.k.i.n.s.StoreFactory]: /Users/hall/Code/Rails/jruby-ten/db/ha_neo_2/temp-copy/neostore non clean shutdown detected
2013-10-08 17:43:19.858+0000 INFO  [o.n.k.i.n.s.StoreFactory]: [/Users/hall/Code/Rails/jruby-ten/db/ha_neo_2/temp-copy/neostore] brickCount=0 brickSize=0b mappedMem=0b (storeSize=54b)
2013-10-08 17:43:19.858+0000 INFO  [o.n.k.i.t.x.XaLogicalLog]: Opened logical log [/Users/hall/Code/Rails/jruby-ten/db/ha_neo_2/temp-copy/nioneo_logical.log.1] version=3, lastTxId=3 (clean)
2013-10-08 17:43:19.860+0000 INFO  [o.n.k.i.n.s.StoreFactory]: /Users/hall/Code/Rails/jruby-ten/db/ha_neo_2/temp-copy/neostore.relationshiptypestore.db.names rebuild id generator, highId=2 defragged count=0
2013-10-08 17:43:19.862+0000 INFO  [o.n.k.i.n.s.StoreFactory]: /Users/hall/Code/Rails/jruby-ten/db/ha_neo_2/temp-copy/neostore.propertystore.db.index.keys rebuild id generator, highId=1 defragged count=0
2013-10-08 17:43:19.863+0000 INFO  [o.n.k.i.n.s.StoreFactory]: /Users/hall/Code/Rails/jruby-ten/db/ha_neo_2/temp-copy/neostore.propertystore.db.index rebuild id generator, highId=1 defragged count=0
2013-10-08 17:43:19.864+0000 INFO  [o.n.k.i.n.s.StoreFactory]: /Users/hall/Code/Rails/jruby-ten/db/ha_neo_2/temp-copy/neostore.propertystore.db.strings rebuild id generator, highId=1 defragged count=0
2013-10-08 17:43:19.865+0000 INFO  [o.n.k.i.n.s.StoreFactory]: /Users/hall/Code/Rails/jruby-ten/db/ha_neo_2/temp-copy/neostore.propertystore.db.arrays rebuild id generator, highId=1 defragged count=0
2013-10-08 17:43:19.865+0000 INFO  [o.n.k.i.n.s.StoreFactory]: /Users/hall/Code/Rails/jruby-ten/db/ha_neo_2/temp-copy/neostore.propertystore.db rebuild id generator, highId=1 defragged count=0
2013-10-08 17:43:20.258+0000 INFO  [o.n.k.i.n.s.StoreFactory]: /Users/hall/Code/Rails/jruby-ten/db/ha_neo_2/temp-copy/neostore.relationshipstore.db rebuild id generator, highId=1 defragged count=0
2013-10-08 17:43:20.290+0000 INFO  [o.n.k.i.n.s.StoreFactory]: /Users/hall/Code/Rails/jruby-ten/db/ha_neo_2/temp-copy/neostore.nodestore.db rebuild id generator, highId=2 defragged count=0
2013-10-08 17:43:20.292+0000 INFO  [o.n.k.i.n.s.StoreFactory]: /Users/hall/Code/Rails/jruby-ten/db/ha_neo_2/temp-copy/neostore rebuild id generator, highId=6 defragged count=0
2013-10-08 17:43:20.293+0000 INFO  [o.n.k.i.t.TxManager]: TM new log: tm_tx_log.1
2013-10-08 17:43:20.304+0000 INFO  [o.n.b.BackupServer]: BackupServer communication server started and bound to /0.0.0.0:6362
2013-10-08 17:43:20.305+0000 INFO  [o.n.k.i.t.x.XaLogicalLog]: Opened logical log [/Users/hall/Code/Rails/jruby-ten/db/ha_neo_2/temp-copy/index/lucene.log.1] version=3, lastTxId=1 (clean)
2013-10-08 17:43:20.309+0000 INFO  [o.n.k.i.DiagnosticsManager]: --- STARTED diagnostics for KernelDiagnostics:Versions START ---
2013-10-08 17:43:20.309+0000 INFO  [o.n.k.i.DiagnosticsManager]: Graph Database: org.neo4j.kernel.EmbeddedGraphDatabase StoreId[time:1381253254504, id:-3550142251662537291, store version: 13561656364791302]
2013-10-08 17:43:20.309+0000 INFO  [o.n.k.i.DiagnosticsManager]: Kernel version: Neo4j - Graph Database Kernel 1.9.2
2013-10-08 17:43:20.309+0000 INFO  [o.n.k.i.DiagnosticsManager]: Neo4j component versions:
2013-10-08 17:43:20.310+0000 INFO  [o.n.k.i.DiagnosticsManager]:   Neo4j - Graph Database Kernel 1.9.2
2013-10-08 17:43:20.310+0000 INFO  [o.n.k.i.DiagnosticsManager]: --- STARTED diagnostics for KernelDiagnostics:Versions END ---
2013-10-08 17:43:20.312+0000 INFO  [o.n.k.i.DiagnosticsManager]: --- STARTED diagnostics for NEO_STORE_VERSIONS START ---
2013-10-08 17:43:20.312+0000 INFO  [o.n.k.i.DiagnosticsManager]: Store versions:
2013-10-08 17:43:20.313+0000 INFO  [o.n.k.i.DiagnosticsManager]: Store versions:
2013-10-08 17:43:20.313+0000 INFO  [o.n.k.i.DiagnosticsManager]:   NeoStore v0.A.0
2013-10-08 17:43:20.313+0000 INFO  [o.n.k.i.DiagnosticsManager]:   NodeStore v0.A.0
2013-10-08 17:43:20.313+0000 INFO  [o.n.k.i.DiagnosticsManager]:   RelationshipStore v0.A.0
2013-10-08 17:43:20.313+0000 INFO  [o.n.k.i.DiagnosticsManager]:   RelationshipTypeStore v0.A.0
2013-10-08 17:43:20.313+0000 INFO  [o.n.k.i.DiagnosticsManager]:   PropertyStore v0.A.0
2013-10-08 17:43:20.313+0000 INFO  [o.n.k.i.DiagnosticsManager]:   PropertyIndexStore v0.A.0
2013-10-08 17:43:20.313+0000 INFO  [o.n.k.i.DiagnosticsManager]:   StringPropertyStore v0.A.0
2013-10-08 17:43:20.313+0000 INFO  [o.n.k.i.DiagnosticsManager]:   ArrayPropertyStore v0.A.0
2013-10-08 17:43:20.313+0000 INFO  [o.n.k.i.DiagnosticsManager]: --- STARTED diagnostics for NEO_STORE_VERSIONS END ---
2013-10-08 17:43:20.313+0000 INFO  [o.n.k.i.DiagnosticsManager]: --- STARTED diagnostics for NEO_STORE_ID_USAGE START ---
2013-10-08 17:43:20.313+0000 INFO  [o.n.k.i.DiagnosticsManager]: Id usage:
2013-10-08 17:43:20.313+0000 INFO  [o.n.k.i.DiagnosticsManager]: Id usage:
2013-10-08 17:43:20.313+0000 INFO  [o.n.k.i.DiagnosticsManager]:   NodeStore: used=12116 high=12115
2013-10-08 17:43:20.313+0000 INFO  [o.n.k.i.DiagnosticsManager]:   RelationshipStore: used=146165 high=146164
2013-10-08 17:43:20.313+0000 INFO  [o.n.k.i.DiagnosticsManager]:   RelationshipTypeStore: used=1 high=0
2013-10-08 17:43:20.313+0000 INFO  [o.n.k.i.DiagnosticsManager]:   PropertyStore: used=1 high=0
2013-10-08 17:43:20.313+0000 INFO  [o.n.k.i.DiagnosticsManager]:   PropertyIndexStore: used=1 high=0
2013-10-08 17:43:20.313+0000 INFO  [o.n.k.i.DiagnosticsManager]:   StringPropertyStore: used=1 high=0
2013-10-08 17:43:20.313+0000 INFO  [o.n.k.i.DiagnosticsManager]:   ArrayPropertyStore: used=1 high=0
2013-10-08 17:43:20.313+0000 INFO  [o.n.k.i.DiagnosticsManager]: --- STARTED diagnostics for NEO_STORE_ID_USAGE END ---
2013-10-08 17:43:20.313+0000 INFO  [o.n.k.i.DiagnosticsManager]: --- STARTED diagnostics for PERSISTENCE_WINDOW_POOL_STATS START ---
2013-10-08 17:43:20.313+0000 INFO  [o.n.k.i.DiagnosticsManager]: --- STARTED diagnostics for PERSISTENCE_WINDOW_POOL_STATS END ---
2013-10-08 17:43:20.314+0000 INFO  [o.n.k.i.DiagnosticsManager]: --- STARTED diagnostics for KernelDiagnostics:StoreFiles START ---
2013-10-08 17:43:20.314+0000 INFO  [o.n.k.i.DiagnosticsManager]: Disk space on partition (Total / Free / Free %): 250140434432 / 133273382912 / 53
Storage files: (filename : modification date - size)
2013-10-08 17:43:20.314+0000 INFO  [o.n.k.i.DiagnosticsManager]:   active_tx_log: 2013-10-08T13:43:20-0400 - 11.00 B
2013-10-08 17:43:20.314+0000 INFO  [o.n.k.i.DiagnosticsManager]:   index:
2013-10-08 17:43:20.315+0000 INFO  [o.n.k.i.DiagnosticsManager]:     lucene-store.db: 2013-10-08T13:43:19-0400 - 40.00 B
2013-10-08 17:43:20.315+0000 INFO  [o.n.k.i.DiagnosticsManager]:     lucene.log.1: 2013-10-08T13:43:20-0400 - 16.00 B
2013-10-08 17:43:20.315+0000 INFO  [o.n.k.i.DiagnosticsManager]:     lucene.log.active: 2013-10-08T13:43:20-0400 - 4.00 B
2013-10-08 17:43:20.315+0000 INFO  [o.n.k.i.DiagnosticsManager]:   - Total: 2013-10-08T13:43:20-0400 - 60.00 B
2013-10-08 17:43:20.315+0000 INFO  [o.n.k.i.DiagnosticsManager]:   lock: 2013-10-08T13:43:19-0400 - 0.00 B
2013-10-08 17:43:20.315+0000 INFO  [o.n.k.i.DiagnosticsManager]:   messages.log: 2013-10-08T13:43:20-0400 - 33.37 kB
2013-10-08 17:43:20.315+0000 INFO  [o.n.k.i.DiagnosticsManager]:   neostore: 2013-10-08T13:43:19-0400 - 54.00 B
2013-10-08 17:43:20.315+0000 INFO  [o.n.k.i.DiagnosticsManager]:   neostore.id: 2013-10-08T13:43:20-0400 - 9.00 B
2013-10-08 17:43:20.315+0000 INFO  [o.n.k.i.DiagnosticsManager]:   neostore.nodestore.db: 2013-10-08T13:43:19-0400 - 106.49 kB
2013-10-08 17:43:20.316+0000 INFO  [o.n.k.i.DiagnosticsManager]:   neostore.nodestore.db.id: 2013-10-08T13:43:20-0400 - 9.00 B
2013-10-08 17:43:20.316+0000 INFO  [o.n.k.i.DiagnosticsManager]:   neostore.propertystore.db: 2013-10-08T13:43:19-0400 - 0.00 B
2013-10-08 17:43:20.316+0000 INFO  [o.n.k.i.DiagnosticsManager]:   neostore.propertystore.db.arrays: 2013-10-08T13:43:19-0400 - 128.00 B
2013-10-08 17:43:20.316+0000 INFO  [o.n.k.i.DiagnosticsManager]:   neostore.propertystore.db.arrays.id: 2013-10-08T13:43:19-0400 - 9.00 B
2013-10-08 17:43:20.316+0000 INFO  [o.n.k.i.DiagnosticsManager]:   neostore.propertystore.db.id: 2013-10-08T13:43:19-0400 - 9.00 B
2013-10-08 17:43:20.316+0000 INFO  [o.n.k.i.DiagnosticsManager]:   neostore.propertystore.db.index: 2013-10-08T13:43:19-0400 - 0.00 B
2013-10-08 17:43:20.317+0000 INFO  [o.n.k.i.DiagnosticsManager]:   neostore.propertystore.db.index.id: 2013-10-08T13:43:19-0400 - 9.00 B
2013-10-08 17:43:20.317+0000 INFO  [o.n.k.i.DiagnosticsManager]:   neostore.propertystore.db.index.keys: 2013-10-08T13:43:19-0400 - 38.00 B
2013-10-08 17:43:20.317+0000 INFO  [o.n.k.i.DiagnosticsManager]:   neostore.propertystore.db.index.keys.id: 2013-10-08T13:43:19-0400 - 9.00 B
2013-10-08 17:43:20.317+0000 INFO  [o.n.k.i.DiagnosticsManager]:   neostore.propertystore.db.strings: 2013-10-08T13:43:19-0400 - 128.00 B
2013-10-08 17:43:20.317+0000 INFO  [o.n.k.i.DiagnosticsManager]:   neostore.propertystore.db.strings.id: 2013-10-08T13:43:19-0400 - 9.00 B
2013-10-08 17:43:20.317+0000 INFO  [o.n.k.i.DiagnosticsManager]:   neostore.relationshipstore.db: 2013-10-08T13:43:19-0400 - 4.60 MB
2013-10-08 17:43:20.317+0000 INFO  [o.n.k.i.DiagnosticsManager]:   neostore.relationshipstore.db.id: 2013-10-08T13:43:20-0400 - 9.00 B
2013-10-08 17:43:20.317+0000 INFO  [o.n.k.i.DiagnosticsManager]:   neostore.relationshiptypestore.db: 2013-10-08T13:43:19-0400 - 5.00 B
2013-10-08 17:43:20.318+0000 INFO  [o.n.k.i.DiagnosticsManager]:   neostore.relationshiptypestore.db.id: 2013-10-08T13:43:19-0400 - 9.00 B
2013-10-08 17:43:20.318+0000 INFO  [o.n.k.i.DiagnosticsManager]:   neostore.relationshiptypestore.db.names: 2013-10-08T13:43:19-0400 - 76.00 B
2013-10-08 17:43:20.318+0000 INFO  [o.n.k.i.DiagnosticsManager]:   neostore.relationshiptypestore.db.names.id: 2013-10-08T13:43:19-0400 - 9.00 B
2013-10-08 17:43:20.318+0000 INFO  [o.n.k.i.DiagnosticsManager]:   nioneo_logical.log.1: 2013-10-08T13:43:20-0400 - 16.00 B
2013-10-08 17:43:20.318+0000 INFO  [o.n.k.i.DiagnosticsManager]:   nioneo_logical.log.active: 2013-10-08T13:43:19-0400 - 4.00 B
2013-10-08 17:43:20.318+0000 INFO  [o.n.k.i.DiagnosticsManager]:   nioneo_logical.log.v0: 2013-10-08T13:43:19-0400 - 16.00 B
2013-10-08 17:43:20.319+0000 INFO  [o.n.k.i.DiagnosticsManager]:   nioneo_logical.log.v1: 2013-10-08T13:43:19-0400 - 16.00 B
2013-10-08 17:43:20.319+0000 INFO  [o.n.k.i.DiagnosticsManager]:   nioneo_logical.log.v2: 2013-10-08T13:43:19-0400 - 369.00 B
2013-10-08 17:43:20.319+0000 INFO  [o.n.k.i.DiagnosticsManager]:   store_lock: 2013-10-08T13:43:19-0400 - 0.00 B
2013-10-08 17:43:20.319+0000 INFO  [o.n.k.i.DiagnosticsManager]:   tm_tx_log.1: 2013-10-08T13:43:20-0400 - 0.00 B
2013-10-08 17:43:20.319+0000 INFO  [o.n.k.i.DiagnosticsManager]: --- STARTED diagnostics for KernelDiagnostics:StoreFiles END ---
2013-10-08 17:43:20.319+0000 INFO  [o.n.k.EmbeddedGraphDatabase]: Started - database is now available
2013-10-08 17:43:20.320+0000 INFO  [o.n.k.EmbeddedGraphDatabase]: GC Monitor started. 
2013-10-08 17:43:20.324+0000 INFO  [o.n.k.EmbeddedGraphDatabase]: Stopping - database is now unavailable
2013-10-08 17:43:20.326+0000 INFO  [o.n.k.EmbeddedGraphDatabase]: GC Monitor stopped. 
2013-10-08 17:43:20.327+0000 INFO  [o.n.k.i.t.x.XaLogicalLog]: Closed log /Users/hall/Code/Rails/jruby-ten/db/ha_neo_2/temp-copy/index/lucene.log
2013-10-08 17:43:20.331+0000 INFO  [o.n.k.i.t.TxManager]: TM shutting down
2013-10-08 17:43:20.332+0000 INFO  [o.n.k.i.t.x.XaLogicalLog]: Closed log /Users/hall/Code/Rails/jruby-ten/db/ha_neo_2/temp-copy/nioneo_logical.log
2013-10-08 17:43:20.332+0000 INFO  [o.n.k.i.n.s.StoreFactory]: /Users/hall/Code/Rails/jruby-ten/db/ha_neo_2/temp-copy/neostore.relationshiptypestore.db.names hit=0 miss=2 switches=0 ooe=0
2013-10-08 17:43:20.333+0000 INFO  [o.n.k.i.n.s.StoreFactory]: /Users/hall/Code/Rails/jruby-ten/db/ha_neo_2/temp-copy/neostore.relationshiptypestore.db hit=0 miss=1 switches=0 ooe=0
2013-10-08 17:43:20.334+0000 INFO  [o.n.k.i.n.s.StoreFactory]: /Users/hall/Code/Rails/jruby-ten/db/ha_neo_2/temp-copy/neostore.propertystore.db.strings hit=0 miss=0 switches=0 ooe=0
2013-10-08 17:43:20.334+0000 INFO  [o.n.k.i.n.s.StoreFactory]: /Users/hall/Code/Rails/jruby-ten/db/ha_neo_2/temp-copy/neostore.propertystore.db.index.keys hit=0 miss=0 switches=0 ooe=0
2013-10-08 17:43:20.335+0000 INFO  [o.n.k.i.n.s.StoreFactory]: /Users/hall/Code/Rails/jruby-ten/db/ha_neo_2/temp-copy/neostore.propertystore.db.index hit=0 miss=1 switches=0 ooe=0
2013-10-08 17:43:20.336+0000 INFO  [o.n.k.i.n.s.StoreFactory]: /Users/hall/Code/Rails/jruby-ten/db/ha_neo_2/temp-copy/neostore.propertystore.db.arrays hit=0 miss=0 switches=0 ooe=0
2013-10-08 17:43:20.336+0000 INFO  [o.n.k.i.n.s.StoreFactory]: /Users/hall/Code/Rails/jruby-ten/db/ha_neo_2/temp-copy/neostore.propertystore.db hit=0 miss=0 switches=0 ooe=0
2013-10-08 17:43:20.337+0000 INFO  [o.n.k.i.n.s.StoreFactory]: /Users/hall/Code/Rails/jruby-ten/db/ha_neo_2/temp-copy/neostore.relationshipstore.db hit=0 miss=0 switches=0 ooe=0
2013-10-08 17:43:20.338+0000 INFO  [o.n.k.i.n.s.StoreFactory]: /Users/hall/Code/Rails/jruby-ten/db/ha_neo_2/temp-copy/neostore.nodestore.db hit=0 miss=0 switches=0 ooe=0
2013-10-08 17:43:20.338+0000 INFO  [o.n.k.i.n.s.StoreFactory]: /Users/hall/Code/Rails/jruby-ten/db/ha_neo_2/temp-copy/neostore hit=0 miss=16 switches=0 ooe=0
2013-10-08 17:43:20.339+0000 INFO  [o.n.k.i.n.x.NeoStoreXaDataSource]: NeoStore closed
2013-10-08 17:43:20.339+0000 INFO  [o.n.k.i.DiagnosticsManager]: --- STOPPING diagnostics START ---
2013-10-08 17:43:20.339+0000 INFO  [o.n.k.i.DiagnosticsManager]: --- STOPPING diagnostics END ---
